{"C:\\Users\\84369\\VN_PARKING\\vn-parking-web\\src\\App.vue": {"path":"C:\\Users\\84369\\VN_PARKING\\vn-parking-web\\src\\App.vue","statementMap":{"0":{"start":{"line":2,"column":0},"end":{"line":2,"column":62}},"1":{"start":{"line":3,"column":0},"end":{"line":3,"column":24}},"2":{"start":{"line":4,"column":12},"end":{"line":4,"column":26}},"3":{"start":{"line":6,"column":33},"end":{"line":6,"column":75}},"4":{"start":{"line":7,"column":4},"end":{"line":7,"column":84}},"5":{"start":{"line":9,"column":0},"end":{"line":9,"column":24}},"6":{"start":{"line":10,"column":1},"end":{"line":10,"column":48}}},"fnMap":{"0":{"name":"render","decl":{"start":{"line":5,"column":9},"end":{"line":5,"column":15}},"loc":{"start":{"line":5,"column":30},"end":{"line":8,"column":1}},"line":5}},"branchMap":{},"s":{"0":1,"1":1,"2":1,"3":2,"4":2,"5":1,"6":1},"f":{"0":2},"b":{},"inputSourceMap":{"0":"{","1":"\"","2":"v","3":"e","4":"r","5":"s","6":"i","7":"o","8":"n","9":"\"","10":":","11":"3","12":",","13":"\"","14":"s","15":"o","16":"u","17":"r","18":"c","19":"e","20":"s","21":"\"","22":":","23":"[","24":"]","25":",","26":"\"","27":"n","28":"a","29":"m","30":"e","31":"s","32":"\"","33":":","34":"[","35":"]","36":",","37":"\"","38":"m","39":"a","40":"p","41":"p","42":"i","43":"n","44":"g","45":"s","46":"\"","47":":","48":"\"","49":"\"","50":",","51":"\"","52":"f","53":"i","54":"l","55":"e","56":"\"","57":":","58":"\"","59":"C","60":":","61":"\\","62":"\\","63":"U","64":"s","65":"e","66":"r","67":"s","68":"\\","69":"\\","70":"8","71":"4","72":"3","73":"6","74":"9","75":"\\","76":"\\","77":"V","78":"N","79":"_","80":"P","81":"A","82":"R","83":"K","84":"I","85":"N","86":"G","87":"\\","88":"\\","89":"v","90":"n","91":"-","92":"p","93":"a","94":"r","95":"k","96":"i","97":"n","98":"g","99":"-","100":"w","101":"e","102":"b","103":"\\","104":"\\","105":"s","106":"r","107":"c","108":"\\","109":"\\","110":"A","111":"p","112":"p","113":".","114":"v","115":"u","116":"e","117":"\"","118":"}"},"_coverageSchema":"1a1c01bbd47fc00a2c39e90264f33305004495a9","hash":"df356bb35658c00ea221fecce529470ca8063aec"}
,"C:\\Users\\84369\\VN_PARKING\\vn-parking-web\\src\\router\\index.ts": {"path":"C:\\Users\\84369\\VN_PARKING\\vn-parking-web\\src\\router\\index.ts","statementMap":{"0":{"start":{"line":1,"column":0},"end":{"line":1,"column":null}},"1":{"start":{"line":2,"column":0},"end":{"line":2,"column":null}},"2":{"start":{"line":3,"column":0},"end":{"line":3,"column":null}},"3":{"start":{"line":4,"column":0},"end":{"line":4,"column":null}},"4":{"start":{"line":5,"column":0},"end":{"line":5,"column":null}},"5":{"start":{"line":6,"column":0},"end":{"line":6,"column":null}},"6":{"start":{"line":7,"column":0},"end":{"line":7,"column":null}},"7":{"start":{"line":9,"column":13},"end":{"line":61,"column":null}},"8":{"start":{"line":64,"column":17},"end":{"line":67,"column":4}},"9":{"start":{"line":69,"column":2},"end":{"line":74,"column":null}},"10":{"start":{"line":70,"column":24},"end":{"line":70,"column":46}},"11":{"start":{"line":72,"column":6},"end":{"line":72,"column":null}},"12":{"start":{"line":72,"column":24},"end":{"line":72,"column":null}},"13":{"start":{"line":75,"column":2},"end":{"line":75,"column":null}},"14":{"start":{"line":63,"column":0},"end":{"line":63,"column":16}},"15":{"start":{"line":78,"column":0},"end":{"line":78,"column":null}}},"fnMap":{"0":{"name":"initRouter","decl":{"start":{"line":63,"column":16},"end":{"line":63,"column":26}},"loc":{"start":{"line":63,"column":26},"end":{"line":76,"column":null}}},"1":{"name":"(anonymous_2)","decl":{"start":{"line":69,"column":20},"end":{"line":69,"column":27}},"loc":{"start":{"line":69,"column":33},"end":{"line":74,"column":3}}}},"branchMap":{"0":{"loc":{"start":{"line":72,"column":6},"end":{"line":72,"column":null}},"type":"if","locations":[{"start":{"line":72,"column":6},"end":{"line":72,"column":null}}]}},"s":{"0":2,"1":2,"2":2,"3":2,"4":2,"5":2,"6":2,"7":2,"8":9,"9":9,"10":8,"11":5,"12":1,"13":9,"14":2,"15":2},"f":{"0":9,"1":8},"b":{"0":[1]}}
,"C:\\Users\\84369\\VN_PARKING\\vn-parking-web\\src\\views\\ProfileView.vue": {"path":"C:\\Users\\84369\\VN_PARKING\\vn-parking-web\\src\\views\\ProfileView.vue","statementMap":{"0":{"start":{"line":3,"column":0},"end":{"line":5,"column":3}},"1":{"start":{"line":6,"column":12},"end":{"line":6,"column":26}},"2":{"start":{"line":7,"column":12},"end":{"line":7,"column":26}},"3":{"start":{"line":9,"column":0},"end":{"line":33,"column":3}},"4":{"start":{"line":12,"column":17},"end":{"line":12,"column":26}},"5":{"start":{"line":13,"column":4},"end":{"line":13,"column":13}},"6":{"start":{"line":15,"column":15},"end":{"line":18,"column":6}},"7":{"start":{"line":19,"column":4},"end":{"line":19,"column":22}},"8":{"start":{"line":24,"column":23},"end":{"line":26,"column":5}},"9":{"start":{"line":27,"column":4},"end":{"line":30,"column":7}},"10":{"start":{"line":31,"column":4},"end":{"line":31,"column":24}},"11":{"start":{"line":35,"column":0},"end":{"line":35,"column":62}},"12":{"start":{"line":36,"column":0},"end":{"line":36,"column":24}},"13":{"start":{"line":37,"column":12},"end":{"line":37,"column":26}},"14":{"start":{"line":40,"column":4},"end":{"line":43,"column":34}},"15":{"start":{"line":45,"column":0},"end":{"line":45,"column":24}},"16":{"start":{"line":46,"column":1},"end":{"line":46,"column":48}}},"fnMap":{"0":{"name":"(anonymous_0)","decl":{"start":{"line":11,"column":9},"end":{"line":11,"column":10}},"loc":{"start":{"line":11,"column":32},"end":{"line":32,"column":3}},"line":11},"1":{"name":"render","decl":{"start":{"line":38,"column":9},"end":{"line":38,"column":15}},"loc":{"start":{"line":38,"column":63},"end":{"line":44,"column":1}},"line":38}},"branchMap":{"0":{"loc":{"start":{"line":41,"column":90},"end":{"line":41,"column":154}},"type":"cond-expr","locations":[{"start":{"line":41,"column":137},"end":{"line":41,"column":143}},{"start":{"line":41,"column":146},"end":{"line":41,"column":154}}],"line":41},"1":{"loc":{"start":{"line":41,"column":90},"end":{"line":41,"column":134}},"type":"binary-expr","locations":[{"start":{"line":41,"column":90},"end":{"line":41,"column":117}},{"start":{"line":41,"column":121},"end":{"line":41,"column":134}}],"line":41},"2":{"loc":{"start":{"line":42,"column":96},"end":{"line":42,"column":166}},"type":"cond-expr","locations":[{"start":{"line":42,"column":143},"end":{"line":42,"column":149}},{"start":{"line":42,"column":152},"end":{"line":42,"column":166}}],"line":42},"3":{"loc":{"start":{"line":42,"column":96},"end":{"line":42,"column":140}},"type":"binary-expr","locations":[{"start":{"line":42,"column":96},"end":{"line":42,"column":123}},{"start":{"line":42,"column":127},"end":{"line":42,"column":140}}],"line":42}},"s":{"0":2,"1":2,"2":2,"3":2,"4":1,"5":1,"6":1,"7":1,"8":1,"9":1,"10":1,"11":2,"12":2,"13":2,"14":2,"15":2,"16":2},"f":{"0":1,"1":2},"b":{"0":[0,2],"1":[2,2],"2":[0,2],"3":[2,2]},"inputSourceMap":{"0":"{","1":"\"","2":"v","3":"e","4":"r","5":"s","6":"i","7":"o","8":"n","9":"\"","10":":","11":"3","12":",","13":"\"","14":"s","15":"o","16":"u","17":"r","18":"c","19":"e","20":"s","21":"\"","22":":","23":"[","24":"\"","25":"C","26":":","27":"/","28":"U","29":"s","30":"e","31":"r","32":"s","33":"/","34":"8","35":"4","36":"3","37":"6","38":"9","39":"/","40":"V","41":"N","42":"_","43":"P","44":"A","45":"R","46":"K","47":"I","48":"N","49":"G","50":"/","51":"v","52":"n","53":"-","54":"p","55":"a","56":"r","57":"k","58":"i","59":"n","60":"g","61":"-","62":"w","63":"e","64":"b","65":"/","66":"s","67":"r","68":"c","69":"/","70":"v","71":"i","72":"e","73":"w","74":"s","75":"/","76":"P","77":"r","78":"o","79":"f","80":"i","81":"l","82":"e","83":"V","84":"i","85":"e","86":"w","87":".","88":"v","89":"u","90":"e","91":"\"","92":"]","93":",","94":"\"","95":"n","96":"a","97":"m","98":"e","99":"s","100":"\"","101":":","102":"[","103":"]","104":",","105":"\"","106":"m","107":"a","108":"p","109":"p","110":"i","111":"n","112":"g","113":"s","114":"\"","115":":","116":"\"","117":";","118":";","119":";","120":";","121":";","122":";","123":"A","124":"A","125":"O","126":"A","127":";","128":"A","129":"A","130":"C","131":"A","132":";","133":";","134":";","135":";","136":";","137":";","138":"I","139":"A","140":"F","141":"A","142":";","143":"I","144":"A","145":"I","146":"A","147":",","148":"I","149":"A","150":"A","151":"M","152":",","153":"I","154":"A","155":"A","156":"I","157":",","158":"G","159":"A","160":"A","161":"G","162":",","163":"a","164":"A","165":"A","166":"G","167":",","168":"E","169":"A","170":"A","171":"C","172":";","173":"M","174":"A","175":"A","176":"E","177":",","178":"K","179":"A","180":"A","181":"K","182":",","183":"E","184":"A","185":"A","186":"E","187":",","188":"Q","189":"A","190":"A","191":"Q","192":";","193":"M","194":"A","195":"A","196":"E","197":",","198":"W","199":"A","200":"A","201":"W","202":",","203":"E","204":"A","205":"A","206":"E","207":";","208":"I","209":"A","210":"A","211":"a","212":",","213":"C","214":"A","215":"A","216":"E","217":",","218":"C","219":"A","220":"A","221":"C","222":";","223":"I","224":"A","225":"C","226":"j","227":"E","228":",","229":"O","230":"A","231":"A","232":"O","233":",","234":"C","235":"A","236":"A","237":"C","238":",","239":"G","240":"A","241":"A","242":"G","243":",","244":"C","245":"A","246":"A","247":"C","248":",","249":"I","250":"A","251":"A","252":"I","253":",","254":"C","255":"A","256":"A","257":"C","258":";","259":"I","260":"A","261":"E","262":"j","263":"B","264":";","265":"I","266":"A","267":"C","268":"A","269":";","270":"I","271":"A","272":"C","273":"A","274":";","275":"I","276":"A","277":"C","278":"A","279":"\"","280":",","281":"\"","282":"f","283":"i","284":"l","285":"e","286":"\"","287":":","288":"\"","289":"C","290":":","291":"\\","292":"\\","293":"U","294":"s","295":"e","296":"r","297":"s","298":"\\","299":"\\","300":"8","301":"4","302":"3","303":"6","304":"9","305":"\\","306":"\\","307":"V","308":"N","309":"_","310":"P","311":"A","312":"R","313":"K","314":"I","315":"N","316":"G","317":"\\","318":"\\","319":"v","320":"n","321":"-","322":"p","323":"a","324":"r","325":"k","326":"i","327":"n","328":"g","329":"-","330":"w","331":"e","332":"b","333":"\\","334":"\\","335":"s","336":"r","337":"c","338":"\\","339":"\\","340":"v","341":"i","342":"e","343":"w","344":"s","345":"\\","346":"\\","347":"P","348":"r","349":"o","350":"f","351":"i","352":"l","353":"e","354":"V","355":"i","356":"e","357":"w","358":".","359":"v","360":"u","361":"e","362":"\"","363":",","364":"\"","365":"s","366":"o","367":"u","368":"r","369":"c","370":"e","371":"s","372":"C","373":"o","374":"n","375":"t","376":"e","377":"n","378":"t","379":"\"","380":":","381":"[","382":"\"","383":"<","384":"t","385":"e","386":"m","387":"p","388":"l","389":"a","390":"t","391":"e","392":">","393":"\\","394":"n","395":" ","396":" ","397":"<","398":"d","399":"i","400":"v","401":">","402":"e","403":"m","404":"a","405":"i","406":"l","407":":","408":" ","409":"{","410":"{","411":" ","412":"u","413":"s","414":"e","415":"r","416":"?","417":".","418":"e","419":"m","420":"a","421":"i","422":"l","423":" ","424":"}","425":"}","426":"<","427":"/","428":"d","429":"i","430":"v","431":">","432":"\\","433":"n","434":" ","435":" ","436":"<","437":"d","438":"i","439":"v","440":">","441":"d","442":"i","443":"s","444":"p","445":"l","446":"a","447":"y","448":"N","449":"a","450":"m","451":"e","452":":","453":" ","454":"{","455":"{","456":" ","457":"u","458":"s","459":"e","460":"r","461":"?","462":".","463":"d","464":"i","465":"s","466":"p","467":"l","468":"a","469":"y","470":"N","471":"a","472":"m","473":"e","474":" ","475":"}","476":"}","477":"<","478":"/","479":"d","480":"i","481":"v","482":">","483":"\\","484":"n","485":"<","486":"/","487":"t","488":"e","489":"m","490":"p","491":"l","492":"a","493":"t","494":"e","495":">","496":"\\","497":"n","498":"\\","499":"n","500":"<","501":"s","502":"c","503":"r","504":"i","505":"p","506":"t","507":" ","508":"s","509":"e","510":"t","511":"u","512":"p","513":" ","514":"l","515":"a","516":"n","517":"g","518":"=","519":"\\","520":"\"","521":"t","522":"s","523":"\\","524":"\"","525":">","526":"\\","527":"n","528":"/","529":"/","530":" ","531":"i","532":"m","533":"p","534":"o","535":"r","536":"t","537":" ","538":"{","539":" ","540":"U","541":"s","542":"e","543":"r","544":" ","545":"}","546":" ","547":"f","548":"r","549":"o","550":"m","551":" ","552":"\\","553":"\"","554":"f","555":"i","556":"r","557":"e","558":"b","559":"a","560":"s","561":"e","562":"/","563":"a","564":"u","565":"t","566":"h","567":"\\","568":"\"","569":";","570":"\\","571":"n","572":"i","573":"m","574":"p","575":"o","576":"r","577":"t","578":" ","579":"{","580":" ","581":"o","582":"n","583":"M","584":"o","585":"u","586":"n","587":"t","588":"e","589":"d","590":",","591":" ","592":"r","593":"e","594":"f","595":" ","596":"}","597":" ","598":"f","599":"r","600":"o","601":"m","602":" ","603":"\\","604":"\"","605":"v","606":"u","607":"e","608":"\\","609":"\"","610":";","611":"\\","612":"n","613":"/","614":"/","615":" ","616":"i","617":"m","618":"p","619":"o","620":"r","621":"t","622":" ","623":"{","624":" ","625":"g","626":"e","627":"t","628":"C","629":"u","630":"r","631":"r","632":"e","633":"n","634":"t","635":"U","636":"s","637":"e","638":"r","639":" ","640":"}","641":" ","642":"f","643":"r","644":"o","645":"m","646":" ","647":"\\","648":"\"","649":"v","650":"u","651":"e","652":"f","653":"i","654":"r","655":"e","656":"\\","657":"\"","658":";","659":"\\","660":"n","661":"\\","662":"n","663":"c","664":"o","665":"n","666":"s","667":"t","668":" ","669":"u","670":"s","671":"e","672":"r","673":" ","674":"=","675":" ","676":"r","677":"e","678":"f","679":"(","680":"{","681":" ","682":"e","683":"m","684":"a","685":"i","686":"l","687":":","688":" ","689":"\\","690":"\"","691":"p","692":"h","693":"u","694":"c","695":"n","696":"q","697":"\\","698":"\"","699":",","700":" ","701":"d","702":"i","703":"s","704":"p","705":"l","706":"a","707":"y","708":"N","709":"a","710":"m","711":"e","712":":","713":" ","714":"\\","715":"\"","716":"q","717":"u","718":"a","719":"n","720":"g","721":"p","722":"h","723":"u","724":"c","725":"t","726":"q","727":"\\","728":"\"","729":" ","730":"}","731":")","732":";","733":"\\","734":"n","735":"c","736":"o","737":"n","738":"s","739":"o","740":"l","741":"e","742":".","743":"l","744":"o","745":"g","746":"(","747":"u","748":"s","749":"e","750":"r","751":")","752":";","753":"\\","754":"n","755":"\\","756":"n","757":"/","758":"/","759":" ","760":"o","761":"n","762":"M","763":"o","764":"u","765":"n","766":"t","767":"e","768":"d","769":"(","770":"a","771":"s","772":"y","773":"n","774":"c","775":" ","776":"(","777":")","778":" ","779":"=","780":">","781":" ","782":"{","783":"\\","784":"n","785":"/","786":"/","787":" ","788":" ","789":" ","790":"c","791":"o","792":"n","793":"s","794":"t","795":" ","796":"c","797":"u","798":"r","799":"r","800":"e","801":"n","802":"t","803":"U","804":"s","805":"e","806":"r","807":" ","808":"=","809":" ","810":"a","811":"w","812":"a","813":"i","814":"t","815":" ","816":"g","817":"e","818":"t","819":"C","820":"u","821":"r","822":"r","823":"e","824":"n","825":"t","826":"U","827":"s","828":"e","829":"r","830":"(","831":")","832":";","833":"\\","834":"n","835":"/","836":"/","837":" ","838":" ","839":" ","840":"u","841":"s","842":"e","843":"r","844":".","845":"v","846":"a","847":"l","848":"u","849":"e","850":" ","851":"=","852":" ","853":"c","854":"u","855":"r","856":"r","857":"e","858":"n","859":"t","860":"U","861":"s","862":"e","863":"r","864":" ","865":"a","866":"s","867":" ","868":"U","869":"s","870":"e","871":"r","872":";","873":"\\","874":"n","875":"/","876":"/","877":" ","878":"}","879":")","880":";","881":"\\","882":"n","883":"<","884":"/","885":"s","886":"c","887":"r","888":"i","889":"p","890":"t","891":">","892":"\\","893":"n","894":"\\","895":"n","896":"<","897":"s","898":"t","899":"y","900":"l","901":"e","902":" ","903":"s","904":"c","905":"o","906":"p","907":"e","908":"d","909":">","910":"<","911":"/","912":"s","913":"t","914":"y","915":"l","916":"e","917":">","918":"\\","919":"n","920":"\"","921":"]","922":"}"},"_coverageSchema":"1a1c01bbd47fc00a2c39e90264f33305004495a9","hash":"e80214471c689e82ff74a60448c78f32f760e4fb"}
,"C:\\Users\\84369\\VN_PARKING\\vn-parking-web\\src\\views\\SignupView.vue": {"path":"C:\\Users\\84369\\VN_PARKING\\vn-parking-web\\src\\views\\SignupView.vue","statementMap":{"0":{"start":{"line":5,"column":22},"end":{"line":16,"column":2}},"1":{"start":{"line":6,"column":2},"end":{"line":6,"column":31}},"2":{"start":{"line":6,"column":24},"end":{"line":6,"column":31}},"3":{"start":{"line":7,"column":2},"end":{"line":12,"column":5}},"4":{"start":{"line":10,"column":6},"end":{"line":10,"column":18}},"5":{"start":{"line":14,"column":2},"end":{"line":14,"column":31}},"6":{"start":{"line":14,"column":24},"end":{"line":14,"column":31}},"7":{"start":{"line":15,"column":2},"end":{"line":15,"column":15}},"8":{"start":{"line":17,"column":25},"end":{"line":24,"column":2}},"9":{"start":{"line":18,"column":2},"end":{"line":21,"column":5}},"10":{"start":{"line":23,"column":2},"end":{"line":23,"column":19}},"11":{"start":{"line":25,"column":19},"end":{"line":31,"column":1}},"12":{"start":{"line":26,"column":2},"end":{"line":26,"column":40}},"13":{"start":{"line":26,"column":29},"end":{"line":26,"column":40}},"14":{"start":{"line":27,"column":15},"end":{"line":27,"column":17}},"15":{"start":{"line":28,"column":2},"end":{"line":28,"column":139}},"16":{"start":{"line":28,"column":19},"end":{"line":28,"column":139}},"17":{"start":{"line":28,"column":38},"end":{"line":28,"column":139}},"18":{"start":{"line":28,"column":107},"end":{"line":28,"column":139}},"19":{"start":{"line":29,"column":2},"end":{"line":29,"column":34}},"20":{"start":{"line":30,"column":2},"end":{"line":30,"column":16}},"21":{"start":{"line":32,"column":16},"end":{"line":58,"column":1}},"22":{"start":{"line":34,"column":4},"end":{"line":36,"column":7}},"23":{"start":{"line":35,"column":6},"end":{"line":35,"column":21}},"24":{"start":{"line":38,"column":2},"end":{"line":57,"column":5}},"25":{"start":{"line":40,"column":6},"end":{"line":44,"column":7}},"26":{"start":{"line":41,"column":8},"end":{"line":41,"column":36}},"27":{"start":{"line":43,"column":8},"end":{"line":43,"column":18}},"28":{"start":{"line":47,"column":6},"end":{"line":51,"column":7}},"29":{"start":{"line":48,"column":8},"end":{"line":48,"column":40}},"30":{"start":{"line":50,"column":8},"end":{"line":50,"column":18}},"31":{"start":{"line":54,"column":6},"end":{"line":54,"column":90}},"32":{"start":{"line":56,"column":4},"end":{"line":56,"column":74}},"33":{"start":{"line":59,"column":18},"end":{"line":146,"column":1}},"34":{"start":{"line":60,"column":10},"end":{"line":68,"column":5}},"35":{"start":{"line":63,"column":8},"end":{"line":63,"column":33}},"36":{"start":{"line":63,"column":22},"end":{"line":63,"column":33}},"37":{"start":{"line":64,"column":8},"end":{"line":64,"column":20}},"38":{"start":{"line":73,"column":2},"end":{"line":79,"column":8}},"39":{"start":{"line":78,"column":4},"end":{"line":78,"column":16}},"40":{"start":{"line":81,"column":4},"end":{"line":83,"column":6}},"41":{"start":{"line":82,"column":6},"end":{"line":82,"column":26}},"42":{"start":{"line":86,"column":4},"end":{"line":86,"column":66}},"43":{"start":{"line":86,"column":11},"end":{"line":86,"column":66}},"44":{"start":{"line":87,"column":4},"end":{"line":139,"column":5}},"45":{"start":{"line":87,"column":14},"end":{"line":139,"column":5}},"46":{"start":{"line":88,"column":6},"end":{"line":88,"column":163}},"47":{"start":{"line":88,"column":154},"end":{"line":88,"column":163}},"48":{"start":{"line":89,"column":6},"end":{"line":89,"column":46}},"49":{"start":{"line":89,"column":20},"end":{"line":89,"column":46}},"50":{"start":{"line":90,"column":6},"end":{"line":132,"column":7}},"51":{"start":{"line":93,"column":10},"end":{"line":93,"column":17}},"52":{"start":{"line":94,"column":10},"end":{"line":94,"column":16}},"53":{"start":{"line":96,"column":10},"end":{"line":96,"column":20}},"54":{"start":{"line":97,"column":10},"end":{"line":100,"column":12}},"55":{"start":{"line":102,"column":10},"end":{"line":102,"column":20}},"56":{"start":{"line":103,"column":10},"end":{"line":103,"column":20}},"57":{"start":{"line":104,"column":10},"end":{"line":104,"column":19}},"58":{"start":{"line":105,"column":10},"end":{"line":105,"column":19}},"59":{"start":{"line":107,"column":10},"end":{"line":107,"column":27}},"60":{"start":{"line":108,"column":10},"end":{"line":108,"column":23}},"61":{"start":{"line":109,"column":10},"end":{"line":109,"column":19}},"62":{"start":{"line":111,"column":10},"end":{"line":114,"column":11}},"63":{"start":{"line":112,"column":12},"end":{"line":112,"column":18}},"64":{"start":{"line":113,"column":12},"end":{"line":113,"column":21}},"65":{"start":{"line":115,"column":10},"end":{"line":118,"column":11}},"66":{"start":{"line":116,"column":12},"end":{"line":116,"column":28}},"67":{"start":{"line":117,"column":12},"end":{"line":117,"column":18}},"68":{"start":{"line":119,"column":10},"end":{"line":123,"column":11}},"69":{"start":{"line":120,"column":12},"end":{"line":120,"column":27}},"70":{"start":{"line":121,"column":12},"end":{"line":121,"column":19}},"71":{"start":{"line":122,"column":12},"end":{"line":122,"column":18}},"72":{"start":{"line":124,"column":10},"end":{"line":128,"column":11}},"73":{"start":{"line":125,"column":12},"end":{"line":125,"column":27}},"74":{"start":{"line":126,"column":12},"end":{"line":126,"column":27}},"75":{"start":{"line":127,"column":12},"end":{"line":127,"column":18}},"76":{"start":{"line":129,"column":10},"end":{"line":129,"column":32}},"77":{"start":{"line":129,"column":20},"end":{"line":129,"column":32}},"78":{"start":{"line":130,"column":10},"end":{"line":130,"column":23}},"79":{"start":{"line":131,"column":10},"end":{"line":131,"column":19}},"80":{"start":{"line":133,"column":6},"end":{"line":133,"column":33}},"81":{"start":{"line":135,"column":6},"end":{"line":135,"column":18}},"82":{"start":{"line":136,"column":6},"end":{"line":136,"column":12}},"83":{"start":{"line":138,"column":6},"end":{"line":138,"column":16}},"84":{"start":{"line":140,"column":4},"end":{"line":140,"column":31}},"85":{"start":{"line":140,"column":19},"end":{"line":140,"column":31}},"86":{"start":{"line":141,"column":4},"end":{"line":144,"column":6}},"87":{"start":{"line":147,"column":0},"end":{"line":149,"column":3}},"88":{"start":{"line":150,"column":12},"end":{"line":150,"column":26}},"89":{"start":{"line":151,"column":21},"end":{"line":151,"column":44}},"90":{"start":{"line":152,"column":12},"end":{"line":152,"column":26}},"91":{"start":{"line":153,"column":10},"end":{"line":153,"column":38}},"92":{"start":{"line":154,"column":0},"end":{"line":214,"column":3}},"93":{"start":{"line":158,"column":17},"end":{"line":158,"column":26}},"94":{"start":{"line":159,"column":13},"end":{"line":159,"column":20}},"95":{"start":{"line":160,"column":4},"end":{"line":160,"column":13}},"96":{"start":{"line":161,"column":23},"end":{"line":161,"column":44}},"97":{"start":{"line":162,"column":23},"end":{"line":162,"column":65}},"98":{"start":{"line":163,"column":13},"end":{"line":163,"column":83}},"99":{"start":{"line":164,"column":14},"end":{"line":164,"column":22}},"100":{"start":{"line":165,"column":27},"end":{"line":165,"column":42}},"101":{"start":{"line":166,"column":13},"end":{"line":166,"column":78}},"102":{"start":{"line":167,"column":17},"end":{"line":167,"column":25}},"103":{"start":{"line":168,"column":32},"end":{"line":168,"column":47}},"104":{"start":{"line":170,"column":6},"end":{"line":175,"column":9}},"105":{"start":{"line":171,"column":8},"end":{"line":174,"column":11}},"106":{"start":{"line":172,"column":10},"end":{"line":172,"column":54}},"107":{"start":{"line":173,"column":10},"end":{"line":173,"column":32}},"108":{"start":{"line":179,"column":6},"end":{"line":184,"column":9}},"109":{"start":{"line":180,"column":8},"end":{"line":183,"column":11}},"110":{"start":{"line":181,"column":10},"end":{"line":181,"column":45}},"111":{"start":{"line":182,"column":10},"end":{"line":182,"column":32}},"112":{"start":{"line":187,"column":19},"end":{"line":195,"column":6}},"113":{"start":{"line":188,"column":6},"end":{"line":188,"column":26}},"114":{"start":{"line":189,"column":6},"end":{"line":192,"column":9}},"115":{"start":{"line":194,"column":6},"end":{"line":194,"column":33}},"116":{"start":{"line":196,"column":23},"end":{"line":207,"column":5}},"117":{"start":{"line":208,"column":4},"end":{"line":211,"column":7}},"118":{"start":{"line":212,"column":4},"end":{"line":212,"column":24}},"119":{"start":{"line":216,"column":0},"end":{"line":216,"column":62}},"120":{"start":{"line":217,"column":0},"end":{"line":217,"column":24}},"121":{"start":{"line":218,"column":12},"end":{"line":218,"column":26}},"122":{"start":{"line":219,"column":17},"end":{"line":219,"column":100}},"123":{"start":{"line":221,"column":34},"end":{"line":221,"column":77}},"124":{"start":{"line":222,"column":27},"end":{"line":222,"column":63}},"125":{"start":{"line":223,"column":29},"end":{"line":223,"column":67}},"126":{"start":{"line":224,"column":28},"end":{"line":224,"column":65}},"127":{"start":{"line":225,"column":28},"end":{"line":225,"column":65}},"128":{"start":{"line":226,"column":4},"end":{"line":286,"column":8}},"129":{"start":{"line":231,"column":52},"end":{"line":233,"column":14}},"130":{"start":{"line":234,"column":54},"end":{"line":283,"column":14}},"131":{"start":{"line":237,"column":101},"end":{"line":237,"column":128}},"132":{"start":{"line":239,"column":62},"end":{"line":280,"column":22}},"133":{"start":{"line":241,"column":70},"end":{"line":277,"column":30}},"134":{"start":{"line":244,"column":105},"end":{"line":244,"column":138}},"135":{"start":{"line":250,"column":105},"end":{"line":250,"column":141}},"136":{"start":{"line":255,"column":105},"end":{"line":255,"column":157}},"137":{"start":{"line":261,"column":78},"end":{"line":263,"column":38}},"138":{"start":{"line":272,"column":78},"end":{"line":274,"column":38}},"139":{"start":{"line":288,"column":0},"end":{"line":288,"column":24}},"140":{"start":{"line":289,"column":1},"end":{"line":289,"column":48}}},"fnMap":{"0":{"name":"(anonymous_0)","decl":{"start":{"line":5,"column":71},"end":{"line":5,"column":72}},"loc":{"start":{"line":5,"column":94},"end":{"line":13,"column":1}},"line":5},"1":{"name":"(anonymous_1)","decl":{"start":{"line":9,"column":9},"end":{"line":9,"column":10}},"loc":{"start":{"line":9,"column":21},"end":{"line":11,"column":5}},"line":9},"2":{"name":"(anonymous_2)","decl":{"start":{"line":13,"column":4},"end":{"line":13,"column":5}},"loc":{"start":{"line":13,"column":27},"end":{"line":16,"column":1}},"line":13},"3":{"name":"(anonymous_3)","decl":{"start":{"line":17,"column":77},"end":{"line":17,"column":78}},"loc":{"start":{"line":17,"column":93},"end":{"line":22,"column":1}},"line":17},"4":{"name":"(anonymous_4)","decl":{"start":{"line":22,"column":4},"end":{"line":22,"column":5}},"loc":{"start":{"line":22,"column":20},"end":{"line":24,"column":1}},"line":22},"5":{"name":"(anonymous_5)","decl":{"start":{"line":25,"column":48},"end":{"line":25,"column":49}},"loc":{"start":{"line":25,"column":63},"end":{"line":31,"column":1}},"line":25},"6":{"name":"(anonymous_6)","decl":{"start":{"line":32,"column":42},"end":{"line":32,"column":43}},"loc":{"start":{"line":32,"column":87},"end":{"line":58,"column":1}},"line":32},"7":{"name":"adopt","decl":{"start":{"line":33,"column":11},"end":{"line":33,"column":16}},"loc":{"start":{"line":33,"column":24},"end":{"line":37,"column":3}},"line":33},"8":{"name":"(anonymous_8)","decl":{"start":{"line":34,"column":46},"end":{"line":34,"column":47}},"loc":{"start":{"line":34,"column":65},"end":{"line":36,"column":5}},"line":34},"9":{"name":"(anonymous_9)","decl":{"start":{"line":38,"column":34},"end":{"line":38,"column":35}},"loc":{"start":{"line":38,"column":61},"end":{"line":57,"column":3}},"line":38},"10":{"name":"fulfilled","decl":{"start":{"line":39,"column":13},"end":{"line":39,"column":22}},"loc":{"start":{"line":39,"column":30},"end":{"line":45,"column":5}},"line":39},"11":{"name":"rejected","decl":{"start":{"line":46,"column":13},"end":{"line":46,"column":21}},"loc":{"start":{"line":46,"column":29},"end":{"line":52,"column":5}},"line":46},"12":{"name":"step","decl":{"start":{"line":53,"column":13},"end":{"line":53,"column":17}},"loc":{"start":{"line":53,"column":26},"end":{"line":55,"column":5}},"line":53},"13":{"name":"(anonymous_13)","decl":{"start":{"line":59,"column":46},"end":{"line":59,"column":47}},"loc":{"start":{"line":59,"column":71},"end":{"line":146,"column":1}},"line":59},"14":{"name":"(anonymous_14)","decl":{"start":{"line":62,"column":12},"end":{"line":62,"column":13}},"loc":{"start":{"line":62,"column":24},"end":{"line":65,"column":7}},"line":62},"15":{"name":"(anonymous_15)","decl":{"start":{"line":77,"column":59},"end":{"line":77,"column":60}},"loc":{"start":{"line":77,"column":71},"end":{"line":79,"column":3}},"line":77},"16":{"name":"verb","decl":{"start":{"line":80,"column":11},"end":{"line":80,"column":15}},"loc":{"start":{"line":80,"column":19},"end":{"line":84,"column":3}},"line":80},"17":{"name":"(anonymous_17)","decl":{"start":{"line":81,"column":11},"end":{"line":81,"column":12}},"loc":{"start":{"line":81,"column":24},"end":{"line":83,"column":5}},"line":81},"18":{"name":"step","decl":{"start":{"line":85,"column":11},"end":{"line":85,"column":15}},"loc":{"start":{"line":85,"column":20},"end":{"line":145,"column":3}},"line":85},"19":{"name":"(anonymous_19)","decl":{"start":{"line":157,"column":9},"end":{"line":157,"column":10}},"loc":{"start":{"line":157,"column":32},"end":{"line":213,"column":3}},"line":157},"20":{"name":"signupWithEmailPassword","decl":{"start":{"line":169,"column":13},"end":{"line":169,"column":36}},"loc":{"start":{"line":169,"column":54},"end":{"line":176,"column":5}},"line":169},"21":{"name":"(anonymous_21)","decl":{"start":{"line":170,"column":45},"end":{"line":170,"column":46}},"loc":{"start":{"line":170,"column":57},"end":{"line":175,"column":7}},"line":170},"22":{"name":"(anonymous_22)","decl":{"start":{"line":171,"column":33},"end":{"line":171,"column":34}},"loc":{"start":{"line":171,"column":47},"end":{"line":174,"column":9}},"line":171},"23":{"name":"signupWithGoogle","decl":{"start":{"line":178,"column":13},"end":{"line":178,"column":29}},"loc":{"start":{"line":178,"column":32},"end":{"line":185,"column":5}},"line":178},"24":{"name":"(anonymous_24)","decl":{"start":{"line":179,"column":45},"end":{"line":179,"column":46}},"loc":{"start":{"line":179,"column":57},"end":{"line":184,"column":7}},"line":179},"25":{"name":"(anonymous_25)","decl":{"start":{"line":180,"column":33},"end":{"line":180,"column":34}},"loc":{"start":{"line":180,"column":47},"end":{"line":183,"column":9}},"line":180},"26":{"name":"(anonymous_26)","decl":{"start":{"line":187,"column":32},"end":{"line":187,"column":33}},"loc":{"start":{"line":187,"column":50},"end":{"line":193,"column":5}},"line":187},"27":{"name":"(anonymous_27)","decl":{"start":{"line":193,"column":7},"end":{"line":193,"column":8}},"loc":{"start":{"line":193,"column":25},"end":{"line":195,"column":5}},"line":193},"28":{"name":"render","decl":{"start":{"line":220,"column":9},"end":{"line":220,"column":15}},"loc":{"start":{"line":220,"column":63},"end":{"line":287,"column":1}},"line":220},"29":{"name":"(anonymous_29)","decl":{"start":{"line":231,"column":38},"end":{"line":231,"column":39}},"loc":{"start":{"line":231,"column":50},"end":{"line":233,"column":16}},"line":231},"30":{"name":"(anonymous_30)","decl":{"start":{"line":234,"column":40},"end":{"line":234,"column":41}},"loc":{"start":{"line":234,"column":52},"end":{"line":283,"column":16}},"line":234},"31":{"name":"(anonymous_31)","decl":{"start":{"line":237,"column":81},"end":{"line":237,"column":82}},"loc":{"start":{"line":237,"column":99},"end":{"line":237,"column":130}},"line":237},"32":{"name":"(anonymous_32)","decl":{"start":{"line":239,"column":48},"end":{"line":239,"column":49}},"loc":{"start":{"line":239,"column":60},"end":{"line":280,"column":24}},"line":239},"33":{"name":"(anonymous_33)","decl":{"start":{"line":241,"column":56},"end":{"line":241,"column":57}},"loc":{"start":{"line":241,"column":68},"end":{"line":277,"column":32}},"line":241},"34":{"name":"(anonymous_34)","decl":{"start":{"line":244,"column":85},"end":{"line":244,"column":86}},"loc":{"start":{"line":244,"column":103},"end":{"line":244,"column":140}},"line":244},"35":{"name":"(anonymous_35)","decl":{"start":{"line":250,"column":85},"end":{"line":250,"column":86}},"loc":{"start":{"line":250,"column":103},"end":{"line":250,"column":143}},"line":250},"36":{"name":"(anonymous_36)","decl":{"start":{"line":255,"column":85},"end":{"line":255,"column":86}},"loc":{"start":{"line":255,"column":103},"end":{"line":255,"column":159}},"line":255},"37":{"name":"(anonymous_37)","decl":{"start":{"line":261,"column":64},"end":{"line":261,"column":65}},"loc":{"start":{"line":261,"column":76},"end":{"line":263,"column":40}},"line":261},"38":{"name":"(anonymous_38)","decl":{"start":{"line":272,"column":64},"end":{"line":272,"column":65}},"loc":{"start":{"line":272,"column":76},"end":{"line":274,"column":40}},"line":272}},"branchMap":{"0":{"loc":{"start":{"line":5,"column":22},"end":{"line":16,"column":2}},"type":"binary-expr","locations":[{"start":{"line":5,"column":22},"end":{"line":5,"column":26}},{"start":{"line":5,"column":30},"end":{"line":5,"column":50}},{"start":{"line":5,"column":55},"end":{"line":16,"column":1}}],"line":5},"1":{"loc":{"start":{"line":5,"column":55},"end":{"line":16,"column":1}},"type":"cond-expr","locations":[{"start":{"line":5,"column":71},"end":{"line":13,"column":1}},{"start":{"line":13,"column":4},"end":{"line":16,"column":1}}],"line":5},"2":{"loc":{"start":{"line":6,"column":2},"end":{"line":6,"column":31}},"type":"if","locations":[{"start":{"line":6,"column":2},"end":{"line":6,"column":31}},{"start":{},"end":{}}],"line":6},"3":{"loc":{"start":{"line":14,"column":2},"end":{"line":14,"column":31}},"type":"if","locations":[{"start":{"line":14,"column":2},"end":{"line":14,"column":31}},{"start":{},"end":{}}],"line":14},"4":{"loc":{"start":{"line":17,"column":25},"end":{"line":24,"column":2}},"type":"binary-expr","locations":[{"start":{"line":17,"column":25},"end":{"line":17,"column":29}},{"start":{"line":17,"column":33},"end":{"line":17,"column":56}},{"start":{"line":17,"column":61},"end":{"line":24,"column":1}}],"line":17},"5":{"loc":{"start":{"line":17,"column":61},"end":{"line":24,"column":1}},"type":"cond-expr","locations":[{"start":{"line":17,"column":77},"end":{"line":22,"column":1}},{"start":{"line":22,"column":4},"end":{"line":24,"column":1}}],"line":17},"6":{"loc":{"start":{"line":25,"column":19},"end":{"line":31,"column":1}},"type":"binary-expr","locations":[{"start":{"line":25,"column":19},"end":{"line":25,"column":23}},{"start":{"line":25,"column":27},"end":{"line":25,"column":44}},{"start":{"line":25,"column":48},"end":{"line":31,"column":1}}],"line":25},"7":{"loc":{"start":{"line":26,"column":2},"end":{"line":26,"column":40}},"type":"if","locations":[{"start":{"line":26,"column":2},"end":{"line":26,"column":40}},{"start":{},"end":{}}],"line":26},"8":{"loc":{"start":{"line":26,"column":6},"end":{"line":26,"column":27}},"type":"binary-expr","locations":[{"start":{"line":26,"column":6},"end":{"line":26,"column":9}},{"start":{"line":26,"column":13},"end":{"line":26,"column":27}}],"line":26},"9":{"loc":{"start":{"line":28,"column":2},"end":{"line":28,"column":139}},"type":"if","locations":[{"start":{"line":28,"column":2},"end":{"line":28,"column":139}},{"start":{},"end":{}}],"line":28},"10":{"loc":{"start":{"line":28,"column":38},"end":{"line":28,"column":139}},"type":"if","locations":[{"start":{"line":28,"column":38},"end":{"line":28,"column":139}},{"start":{},"end":{}}],"line":28},"11":{"loc":{"start":{"line":28,"column":42},"end":{"line":28,"column":105}},"type":"binary-expr","locations":[{"start":{"line":28,"column":42},"end":{"line":28,"column":57}},{"start":{"line":28,"column":61},"end":{"line":28,"column":105}}],"line":28},"12":{"loc":{"start":{"line":32,"column":16},"end":{"line":58,"column":1}},"type":"binary-expr","locations":[{"start":{"line":32,"column":16},"end":{"line":32,"column":20}},{"start":{"line":32,"column":24},"end":{"line":32,"column":38}},{"start":{"line":32,"column":42},"end":{"line":58,"column":1}}],"line":32},"13":{"loc":{"start":{"line":34,"column":11},"end":{"line":36,"column":6}},"type":"cond-expr","locations":[{"start":{"line":34,"column":32},"end":{"line":34,"column":37}},{"start":{"line":34,"column":40},"end":{"line":36,"column":6}}],"line":34},"14":{"loc":{"start":{"line":38,"column":14},"end":{"line":38,"column":32}},"type":"binary-expr","locations":[{"start":{"line":38,"column":14},"end":{"line":38,"column":15}},{"start":{"line":38,"column":20},"end":{"line":38,"column":31}}],"line":38},"15":{"loc":{"start":{"line":54,"column":6},"end":{"line":54,"column":89}},"type":"cond-expr","locations":[{"start":{"line":54,"column":20},"end":{"line":54,"column":41}},{"start":{"line":54,"column":44},"end":{"line":54,"column":89}}],"line":54},"16":{"loc":{"start":{"line":56,"column":47},"end":{"line":56,"column":63}},"type":"binary-expr","locations":[{"start":{"line":56,"column":47},"end":{"line":56,"column":57}},{"start":{"line":56,"column":61},"end":{"line":56,"column":63}}],"line":56},"17":{"loc":{"start":{"line":59,"column":18},"end":{"line":146,"column":1}},"type":"binary-expr","locations":[{"start":{"line":59,"column":18},"end":{"line":59,"column":22}},{"start":{"line":59,"column":26},"end":{"line":59,"column":42}},{"start":{"line":59,"column":46},"end":{"line":146,"column":1}}],"line":59},"18":{"loc":{"start":{"line":63,"column":8},"end":{"line":63,"column":33}},"type":"if","locations":[{"start":{"line":63,"column":8},"end":{"line":63,"column":33}},{"start":{},"end":{}}],"line":63},"19":{"loc":{"start":{"line":77,"column":5},"end":{"line":79,"column":4}},"type":"binary-expr","locations":[{"start":{"line":77,"column":5},"end":{"line":77,"column":33}},{"start":{"line":77,"column":38},"end":{"line":79,"column":3}}],"line":77},"20":{"loc":{"start":{"line":86,"column":4},"end":{"line":86,"column":66}},"type":"if","locations":[{"start":{"line":86,"column":4},"end":{"line":86,"column":66}},{"start":{},"end":{}}],"line":86},"21":{"loc":{"start":{"line":88,"column":6},"end":{"line":88,"column":163}},"type":"if","locations":[{"start":{"line":88,"column":6},"end":{"line":88,"column":163}},{"start":{},"end":{}}],"line":88},"22":{"loc":{"start":{"line":88,"column":17},"end":{"line":88,"column":152}},"type":"binary-expr","locations":[{"start":{"line":88,"column":17},"end":{"line":88,"column":18}},{"start":{"line":88,"column":23},"end":{"line":88,"column":119}},{"start":{"line":88,"column":124},"end":{"line":88,"column":152}}],"line":88},"23":{"loc":{"start":{"line":88,"column":27},"end":{"line":88,"column":119}},"type":"cond-expr","locations":[{"start":{"line":88,"column":39},"end":{"line":88,"column":50}},{"start":{"line":88,"column":53},"end":{"line":88,"column":119}}],"line":88},"24":{"loc":{"start":{"line":88,"column":53},"end":{"line":88,"column":119}},"type":"cond-expr","locations":[{"start":{"line":88,"column":61},"end":{"line":88,"column":110}},{"start":{"line":88,"column":113},"end":{"line":88,"column":119}}],"line":88},"25":{"loc":{"start":{"line":88,"column":61},"end":{"line":88,"column":110}},"type":"binary-expr","locations":[{"start":{"line":88,"column":61},"end":{"line":88,"column":71}},{"start":{"line":88,"column":76},"end":{"line":88,"column":109}}],"line":88},"26":{"loc":{"start":{"line":88,"column":76},"end":{"line":88,"column":106}},"type":"binary-expr","locations":[{"start":{"line":88,"column":77},"end":{"line":88,"column":92}},{"start":{"line":88,"column":97},"end":{"line":88,"column":106}}],"line":88},"27":{"loc":{"start":{"line":89,"column":6},"end":{"line":89,"column":46}},"type":"if","locations":[{"start":{"line":89,"column":6},"end":{"line":89,"column":46}},{"start":{},"end":{}}],"line":89},"28":{"loc":{"start":{"line":90,"column":6},"end":{"line":132,"column":7}},"type":"switch","locations":[{"start":{"line":91,"column":8},"end":{"line":91,"column":15}},{"start":{"line":92,"column":8},"end":{"line":94,"column":16}},{"start":{"line":95,"column":8},"end":{"line":100,"column":12}},{"start":{"line":101,"column":8},"end":{"line":105,"column":19}},{"start":{"line":106,"column":8},"end":{"line":109,"column":19}},{"start":{"line":110,"column":8},"end":{"line":131,"column":19}}],"line":90},"29":{"loc":{"start":{"line":111,"column":10},"end":{"line":114,"column":11}},"type":"if","locations":[{"start":{"line":111,"column":10},"end":{"line":114,"column":11}},{"start":{},"end":{}}],"line":111},"30":{"loc":{"start":{"line":111,"column":14},"end":{"line":111,"column":96}},"type":"binary-expr","locations":[{"start":{"line":111,"column":14},"end":{"line":111,"column":64}},{"start":{"line":111,"column":69},"end":{"line":111,"column":80}},{"start":{"line":111,"column":84},"end":{"line":111,"column":95}}],"line":111},"31":{"loc":{"start":{"line":111,"column":32},"end":{"line":111,"column":63}},"type":"binary-expr","locations":[{"start":{"line":111,"column":32},"end":{"line":111,"column":44}},{"start":{"line":111,"column":48},"end":{"line":111,"column":63}}],"line":111},"32":{"loc":{"start":{"line":115,"column":10},"end":{"line":118,"column":11}},"type":"if","locations":[{"start":{"line":115,"column":10},"end":{"line":118,"column":11}},{"start":{},"end":{}}],"line":115},"33":{"loc":{"start":{"line":115,"column":14},"end":{"line":115,"column":65}},"type":"binary-expr","locations":[{"start":{"line":115,"column":14},"end":{"line":115,"column":25}},{"start":{"line":115,"column":30},"end":{"line":115,"column":32}},{"start":{"line":115,"column":36},"end":{"line":115,"column":48}},{"start":{"line":115,"column":52},"end":{"line":115,"column":64}}],"line":115},"34":{"loc":{"start":{"line":119,"column":10},"end":{"line":123,"column":11}},"type":"if","locations":[{"start":{"line":119,"column":10},"end":{"line":123,"column":11}},{"start":{},"end":{}}],"line":119},"35":{"loc":{"start":{"line":119,"column":14},"end":{"line":119,"column":43}},"type":"binary-expr","locations":[{"start":{"line":119,"column":14},"end":{"line":119,"column":25}},{"start":{"line":119,"column":29},"end":{"line":119,"column":43}}],"line":119},"36":{"loc":{"start":{"line":124,"column":10},"end":{"line":128,"column":11}},"type":"if","locations":[{"start":{"line":124,"column":10},"end":{"line":128,"column":11}},{"start":{},"end":{}}],"line":124},"37":{"loc":{"start":{"line":124,"column":14},"end":{"line":124,"column":33}},"type":"binary-expr","locations":[{"start":{"line":124,"column":14},"end":{"line":124,"column":15}},{"start":{"line":124,"column":19},"end":{"line":124,"column":33}}],"line":124},"38":{"loc":{"start":{"line":129,"column":10},"end":{"line":129,"column":32}},"type":"if","locations":[{"start":{"line":129,"column":10},"end":{"line":129,"column":32}},{"start":{},"end":{}}],"line":129},"39":{"loc":{"start":{"line":140,"column":4},"end":{"line":140,"column":31}},"type":"if","locations":[{"start":{"line":140,"column":4},"end":{"line":140,"column":31}},{"start":{},"end":{}}],"line":140},"40":{"loc":{"start":{"line":142,"column":13},"end":{"line":142,"column":35}},"type":"cond-expr","locations":[{"start":{"line":142,"column":21},"end":{"line":142,"column":26}},{"start":{"line":142,"column":29},"end":{"line":142,"column":35}}],"line":142},"41":{"loc":{"start":{"line":237,"column":30},"end":{"line":237,"column":145}},"type":"binary-expr","locations":[{"start":{"line":237,"column":30},"end":{"line":237,"column":39}},{"start":{"line":237,"column":44},"end":{"line":237,"column":144}}],"line":237},"42":{"loc":{"start":{"line":244,"column":59},"end":{"line":244,"column":141}},"type":"binary-expr","locations":[{"start":{"line":244,"column":59},"end":{"line":244,"column":68}},{"start":{"line":244,"column":73},"end":{"line":244,"column":140}}],"line":244},"43":{"loc":{"start":{"line":250,"column":59},"end":{"line":250,"column":144}},"type":"binary-expr","locations":[{"start":{"line":250,"column":59},"end":{"line":250,"column":68}},{"start":{"line":250,"column":73},"end":{"line":250,"column":143}}],"line":250},"44":{"loc":{"start":{"line":252,"column":57},"end":{"line":252,"column":104}},"type":"cond-expr","locations":[{"start":{"line":252,"column":79},"end":{"line":252,"column":88}},{"start":{"line":252,"column":91},"end":{"line":252,"column":104}}],"line":252},"45":{"loc":{"start":{"line":253,"column":42},"end":{"line":253,"column":83}},"type":"cond-expr","locations":[{"start":{"line":253,"column":64},"end":{"line":253,"column":70}},{"start":{"line":253,"column":73},"end":{"line":253,"column":83}}],"line":253},"46":{"loc":{"start":{"line":255,"column":59},"end":{"line":255,"column":160}},"type":"binary-expr","locations":[{"start":{"line":255,"column":59},"end":{"line":255,"column":68}},{"start":{"line":255,"column":73},"end":{"line":255,"column":159}}],"line":255}},"s":{"0":1,"1":0,"2":0,"3":0,"4":0,"5":0,"6":0,"7":0,"8":1,"9":0,"10":0,"11":1,"12":1,"13":1,"14":0,"15":0,"16":0,"17":0,"18":0,"19":0,"20":0,"21":1,"22":0,"23":0,"24":0,"25":0,"26":0,"27":0,"28":0,"29":0,"30":0,"31":0,"32":0,"33":1,"34":0,"35":0,"36":0,"37":0,"38":0,"39":0,"40":0,"41":0,"42":0,"43":0,"44":0,"45":0,"46":0,"47":0,"48":0,"49":0,"50":0,"51":0,"52":0,"53":0,"54":0,"55":0,"56":0,"57":0,"58":0,"59":0,"60":0,"61":0,"62":0,"63":0,"64":0,"65":0,"66":0,"67":0,"68":0,"69":0,"70":0,"71":0,"72":0,"73":0,"74":0,"75":0,"76":0,"77":0,"78":0,"79":0,"80":0,"81":0,"82":0,"83":0,"84":0,"85":0,"86":0,"87":1,"88":1,"89":1,"90":1,"91":1,"92":1,"93":0,"94":0,"95":0,"96":0,"97":0,"98":0,"99":0,"100":0,"101":0,"102":0,"103":0,"104":0,"105":0,"106":0,"107":0,"108":0,"109":0,"110":0,"111":0,"112":0,"113":0,"114":0,"115":0,"116":0,"117":0,"118":0,"119":1,"120":1,"121":1,"122":1,"123":0,"124":0,"125":0,"126":0,"127":0,"128":0,"129":0,"130":0,"131":0,"132":0,"133":0,"134":0,"135":0,"136":0,"137":0,"138":0,"139":1,"140":1},"f":{"0":0,"1":0,"2":0,"3":0,"4":0,"5":1,"6":0,"7":0,"8":0,"9":0,"10":0,"11":0,"12":0,"13":0,"14":0,"15":0,"16":0,"17":0,"18":0,"19":0,"20":0,"21":0,"22":0,"23":0,"24":0,"25":0,"26":0,"27":0,"28":0,"29":0,"30":0,"31":0,"32":0,"33":0,"34":0,"35":0,"36":0,"37":0,"38":0},"b":{"0":[1,1,1],"1":[1,0],"2":[0,0],"3":[0,0],"4":[1,1,1],"5":[1,0],"6":[1,1,1],"7":[1,0],"8":[1,1],"9":[0,0],"10":[0,0],"11":[0,0],"12":[1,1,1],"13":[0,0],"14":[0,0],"15":[0,0],"16":[0,0],"17":[1,1,1],"18":[0,0],"19":[0,0],"20":[0,0],"21":[0,0],"22":[0,0,0],"23":[0,0],"24":[0,0],"25":[0,0],"26":[0,0],"27":[0,0],"28":[0,0,0,0,0,0],"29":[0,0],"30":[0,0,0],"31":[0,0],"32":[0,0],"33":[0,0,0,0],"34":[0,0],"35":[0,0],"36":[0,0],"37":[0,0],"38":[0,0],"39":[0,0],"40":[0,0],"41":[0,0],"42":[0,0],"43":[0,0],"44":[0,0],"45":[0,0],"46":[0,0]},"inputSourceMap":{"0":"{","1":"\"","2":"v","3":"e","4":"r","5":"s","6":"i","7":"o","8":"n","9":"\"","10":":","11":"3","12":",","13":"\"","14":"s","15":"o","16":"u","17":"r","18":"c","19":"e","20":"s","21":"\"","22":":","23":"[","24":"\"","25":"C","26":":","27":"/","28":"U","29":"s","30":"e","31":"r","32":"s","33":"/","34":"8","35":"4","36":"3","37":"6","38":"9","39":"/","40":"V","41":"N","42":"_","43":"P","44":"A","45":"R","46":"K","47":"I","48":"N","49":"G","50":"/","51":"v","52":"n","53":"-","54":"p","55":"a","56":"r","57":"k","58":"i","59":"n","60":"g","61":"-","62":"w","63":"e","64":"b","65":"/","66":"s","67":"r","68":"c","69":"/","70":"v","71":"i","72":"e","73":"w","74":"s","75":"/","76":"S","77":"i","78":"g","79":"n","80":"u","81":"p","82":"V","83":"i","84":"e","85":"w","86":".","87":"v","88":"u","89":"e","90":"\"","91":"]","92":",","93":"\"","94":"n","95":"a","96":"m","97":"e","98":"s","99":"\"","100":":","101":"[","102":"]","103":",","104":"\"","105":"m","106":"a","107":"p","108":"p","109":"i","110":"n","111":"g","112":"s","113":"\"","114":":","115":"\"","116":";","117":";","118":";","119":";","120":";","121":";","122":";","123":";","124":";","125":";","126":";","127":";","128":";","129":";","130":";","131":";","132":";","133":";","134":";","135":";","136":";","137":";","138":";","139":";","140":";","141":";","142":";","143":";","144":";","145":";","146":";","147":";","148":";","149":";","150":";","151":";","152":";","153":";","154":";","155":";","156":";","157":";","158":";","159":";","160":";","161":";","162":";","163":";","164":";","165":";","166":";","167":";","168":";","169":";","170":";","171":";","172":";","173":";","174":";","175":";","176":";","177":";","178":";","179":";","180":";","181":";","182":";","183":";","184":";","185":";","186":";","187":";","188":";","189":";","190":";","191":";","192":";","193":";","194":";","195":";","196":";","197":";","198":";","199":";","200":";","201":";","202":";","203":";","204":";","205":";","206":";","207":";","208":";","209":";","210":";","211":";","212":";","213":";","214":";","215":";","216":";","217":";","218":";","219":";","220":";","221":";","222":";","223":";","224":";","225":";","226":";","227":";","228":";","229":";","230":";","231":";","232":";","233":";","234":";","235":";","236":";","237":";","238":";","239":";","240":";","241":";","242":";","243":";","244":";","245":";","246":";","247":";","248":";","249":";","250":";","251":";","252":";","253":";","254":";","255":";","256":";","257":";","258":";","259":";","260":";","261":";","262":";","263":";","264":";","265":";","266":"A","267":"A","268":"s","269":"C","270":"A","271":";","272":"A","273":"A","274":"E","275":"A","276":";","277":"A","278":"A","279":"C","280":"A","281":";","282":";","283":";","284":";","285":";","286":";","287":";","288":";","289":"I","290":"A","291":"E","292":"A","293":",","294":"I","295":"A","296":"A","297":"M","298":",","299":"Y","300":"A","301":"A","302":"Y","303":",","304":"G","305":"A","306":"A","307":"G","308":",","309":"a","310":"A","311":"A","312":"G","313":",","314":"E","315":"A","316":"A","317":"U","318":",","319":"K","320":"A","321":"A","322":"K","323":",","324":"C","325":"A","326":"A","327":"C","328":";","329":"I","330":"A","331":"C","332":"h","333":"C","334":",","335":"g","336":"B","337":"A","338":"A","339":"Y","340":",","341":"G","342":"A","343":"A","344":"K","345":",","346":"0","347":"B","348":"A","349":"A","350":"O","351":",","352":"G","353":"A","354":"A","355":"E","356":",","357":"a","358":"A","359":"A","360":"d","361":";","362":"I","363":"A","364":"C","365":"d","366":",","367":"S","368":"A","369":"A","370":"q","371":"D","372":",","373":"2","374":"B","375":"A","376":"A","377":"Q","378":",","379":"E","380":"A","381":"C","382":"j","383":"E","384":",","385":"O","386":"A","387":"A","388":"O","389":",","390":"E","391":"A","392":"C","393":"P","394":",","395":"G","396":"A","397":"A","398":"G","399":",","400":"C","401":"A","402":"A","403":"C","404":",","405":"M","406":"A","407":"A","408":"M","409":",","410":"E","411":"A","412":"A","413":"E","414":",","415":"C","416":"A","417":"A","418":"C","419":",","420":"K","421":"A","422":"A","423":"K","424":",","425":"E","426":"A","427":"A","428":"E","429":",","430":"C","431":"A","432":"A","433":"C","434":",","435":"Q","436":"A","437":"A","438":"Q","439":",","440":"E","441":"A","442":"A","443":"E","444":",","445":"C","446":"A","447":"C","448":"h","449":"C","450":";","451":"M","452":"A","453":"H","454":"c","455":",","456":"K","457":"A","458":"A","459":"K","460":";","461":"M","462":"A","463":"A","464":"g","465":"B","466":",","467":"k","468":"B","469":"A","470":"A","471":"k","472":"B","473":",","474":"k","475":"B","476":"A","477":"G","478":"r","479":"D","480":";","481":"I","482":"A","483":"C","484":"K","485":",","486":"S","487":"A","488":"C","489":"J","490":",","491":"2","492":"B","493":"A","494":"A","495":"Q","496":",","497":"E","498":"A","499":"A","500":"S","501":",","502":"U","503":"A","504":"A","505":"U","506":",","507":"E","508":"A","509":"A","510":"E","511":",","512":"G","513":"A","514":"A","515":"G","516":",","517":"C","518":"A","519":"A","520":"C","521":",","522":"M","523":"A","524":"A","525":"M","526":",","527":"E","528":"A","529":"A","530":"E","531":",","532":"C","533":"A","534":"A","535":"C","536":",","537":"Q","538":"A","539":"A","540":"Q","541":",","542":"E","543":"A","544":"A","545":"E","546":",","547":"C","548":"A","549":"A","550":"C","551":";","552":"M","553":"A","554":"D","555":"x","556":"C","557":",","558":"Q","559":"A","560":"A","561":"Q","562":";","563":"M","564":"A","565":"A","566":"g","567":"B","568":",","569":"u","570":"B","571":"A","572":"A","573":"u","574":"B","575":",","576":"k","577":"B","578":"A","579":"C","580":"P","581":";","582":"I","583":"A","584":"E","585":"v","586":"D","587":",","588":"S","589":"A","590":"A","591":"e","592":",","593":"u","594":"B","595":"A","596":"A","597":"u","598":"B","599":",","600":"C","601":"A","602":"A","603":"C","604":",","605":"K","606":"A","607":"A","608":"a","609":",","610":"E","611":"A","612":"A","613":"E","614":",","615":"Q","616":"A","617":"A","618":"g","619":"B","620":";","621":";","622":";","623":"U","624":"A","625":"C","626":"p","627":"E","628":",","629":"O","630":"A","631":"A","632":"O","633":",","634":"C","635":"A","636":"A","637":"C","638":",","639":"G","640":"A","641":"A","642":"G","643":",","644":"C","645":"A","646":"A","647":"C","648":",","649":"8","650":"B","651":"A","652":"A","653":"8","654":"B","655":",","656":"C","657":"A","658":"A","659":"C","660":";","661":";","662":";","663":";","664":";","665":";","666":"I","667":"A","668":"G","669":"7","670":"C","671":",","672":"S","673":"A","674":"A","675":"e","676":",","677":"g","678":"B","679":"A","680":"A","681":"g","682":"B","683":";","684":";","685":";","686":"U","687":"A","688":"C","689":"7","690":"B","691":",","692":"O","693":"A","694":"A","695":"O","696":",","697":"C","698":"A","699":"A","700":"C","701":",","702":"G","703":"A","704":"A","705":"G","706":",","707":"C","708":"A","709":"A","710":"C","711":",","712":"q","713":"B","714":"A","715":"A","716":"q","717":"B","718":",","719":"C","720":"A","721":"A","722":"C","723":";","724":";","725":";","726":";","727":";","728":";","729":"I","730":"A","731":"G","732":"p","733":"C","734":",","735":"I","736":"A","737":"A","738":"M","739":",","740":"Q","741":"A","742":"A","743":"Q","744":",","745":"G","746":"A","747":"A","748":"G","749":",","750":"Y","751":"A","752":"A","753":"Y","754":",","755":"C","756":"A","757":"C","758":"3","759":"B","760":",","761":"U","762":"A","763":"A","764":"C","765":",","766":"M","767":"A","768":"A","769":"W","770":";","771":"M","772":"A","773":"C","774":"V","775":",","776":"O","777":"A","778":"A","779":"O","780":",","781":"C","782":"A","783":"A","784":"C","785":",","786":"G","787":"A","788":"A","789":"G","790":",","791":"C","792":"A","793":"A","794":"C","795":",","796":"M","797":"A","798":"A","799":"M","800":",","801":"C","802":"A","803":"A","804":"C","805":";","806":"M","807":"A","808":"C","809":"n","810":"B","811":",","812":"I","813":"A","814":"A","815":"I","816":",","817":"C","818":"A","819":"A","820":"C","821":",","822":"w","823":"B","824":"A","825":"A","826":"w","827":"B","828":",","829":"E","830":"A","831":"A","832":"E","833":";","834":"Q","835":"A","836":"C","837":"7","838":"B","839":",","840":"K","841":"A","842":"A","843":"K","844":",","845":"E","846":"A","847":"A","848":"E","849":",","850":"K","851":"A","852":"A","853":"K","854":",","855":"C","856":"A","857":"A","858":"C","859":",","860":"K","861":"A","862":"A","863":"K","864":";","865":"Q","866":"A","867":"C","868":"l","869":"B","870":",","871":"Q","872":"A","873":"A","874":"Q","875":",","876":"E","877":"A","878":"A","879":"E","880":",","881":"Q","882":"A","883":"A","884":"Q","885":",","886":"C","887":"A","888":"A","889":"C","890":";","891":"O","892":"A","893":"C","894":"p","895":"B","896":",","897":"C","898":"A","899":"A","900":"C","901":";","902":"I","903":"A","904":"C","905":"J","906":",","907":"C","908":"A","909":"A","910":"C","911":",","912":"E","913":"A","914":"C","915":"D","916":",","917":"U","918":"A","919":"A","920":"C","921":",","922":"M","923":"A","924":"A","925":"M","926":";","927":"M","928":"A","929":"A","930":"K","931":",","932":"c","933":"A","934":"A","935":"O","936":",","937":"C","938":"A","939":"A","940":"C","941":",","942":"G","943":"A","944":"A","945":"G","946":",","947":"C","948":"A","949":"A","950":"C","951":",","952":"M","953":"A","954":"A","955":"M","956":",","957":"C","958":"A","959":"A","960":"C","961":";","962":"I","963":"A","964":"A","965":"n","966":"B","967":",","968":"C","969":"A","970":"A","971":"m","972":"B","973":",","974":"C","975":"A","976":"C","977":"h","978":"C","979":"\"","980":",","981":"\"","982":"f","983":"i","984":"l","985":"e","986":"\"","987":":","988":"\"","989":"C","990":":","991":"\\","992":"\\","993":"U","994":"s","995":"e","996":"r","997":"s","998":"\\","999":"\\","1000":"8","1001":"4","1002":"3","1003":"6","1004":"9","1005":"\\","1006":"\\","1007":"V","1008":"N","1009":"_","1010":"P","1011":"A","1012":"R","1013":"K","1014":"I","1015":"N","1016":"G","1017":"\\","1018":"\\","1019":"v","1020":"n","1021":"-","1022":"p","1023":"a","1024":"r","1025":"k","1026":"i","1027":"n","1028":"g","1029":"-","1030":"w","1031":"e","1032":"b","1033":"\\","1034":"\\","1035":"s","1036":"r","1037":"c","1038":"\\","1039":"\\","1040":"v","1041":"i","1042":"e","1043":"w","1044":"s","1045":"\\","1046":"\\","1047":"S","1048":"i","1049":"g","1050":"n","1051":"u","1052":"p","1053":"V","1054":"i","1055":"e","1056":"w","1057":".","1058":"v","1059":"u","1060":"e","1061":"\"","1062":",","1063":"\"","1064":"s","1065":"o","1066":"u","1067":"r","1068":"c","1069":"e","1070":"s","1071":"C","1072":"o","1073":"n","1074":"t","1075":"e","1076":"n","1077":"t","1078":"\"","1079":":","1080":"[","1081":"\"","1082":"<","1083":"t","1084":"e","1085":"m","1086":"p","1087":"l","1088":"a","1089":"t","1090":"e","1091":">","1092":"\\","1093":"n","1094":" ","1095":" ","1096":"<","1097":"d","1098":"i","1099":"v","1100":"\\","1101":"n","1102":" ","1103":" ","1104":" ","1105":" ","1106":"c","1107":"l","1108":"a","1109":"s","1110":"s","1111":"=","1112":"\\","1113":"\"","1114":"d","1115":"-","1116":"f","1117":"l","1118":"e","1119":"x","1120":" ","1121":"a","1122":"l","1123":"i","1124":"g","1125":"n","1126":"-","1127":"c","1128":"e","1129":"n","1130":"t","1131":"e","1132":"r","1133":" ","1134":"j","1135":"u","1136":"s","1137":"t","1138":"i","1139":"f","1140":"y","1141":"-","1142":"c","1143":"e","1144":"n","1145":"t","1146":"e","1147":"r","1148":" ","1149":"h","1150":"-","1151":"s","1152":"c","1153":"r","1154":"e","1155":"e","1156":"n","1157":" ","1158":"b","1159":"g","1160":"-","1161":"b","1162":"l","1163":"u","1164":"e","1165":"-","1166":"g","1167":"r","1168":"e","1169":"y","1170":"-","1171":"l","1172":"i","1173":"g","1174":"h","1175":"t","1176":"e","1177":"n","1178":"-","1179":"5","1180":" ","1181":"p","1182":"-","1183":"2","1184":"\\","1185":"\"","1186":"\\","1187":"n","1188":" ","1189":" ","1190":">","1191":"\\","1192":"n","1193":" ","1194":" ","1195":" ","1196":" ","1197":"<","1198":"v","1199":"-","1200":"c","1201":"a","1202":"r","1203":"d","1204":" ","1205":"w","1206":"i","1207":"d","1208":"t","1209":"h","1210":"=","1211":"\\","1212":"\"","1213":"6","1214":"0","1215":"0","1216":"\\","1217":"\"","1218":" ","1219":"c","1220":"l","1221":"a","1222":"s","1223":"s","1224":"=","1225":"\\","1226":"\"","1227":"b","1228":"g","1229":"-","1230":"b","1231":"l","1232":"u","1233":"e","1234":"-","1235":"d","1236":"a","1237":"r","1238":"k","1239":"e","1240":"n","1241":"-","1242":"4","1243":"\\","1244":"\"","1245":">","1246":"\\","1247":"n","1248":" ","1249":" ","1250":" ","1251":" ","1252":" ","1253":" ","1254":"<","1255":"t","1256":"e","1257":"m","1258":"p","1259":"l","1260":"a","1261":"t","1262":"e","1263":" ","1264":"v","1265":"-","1266":"s","1267":"l","1268":"o","1269":"t","1270":":","1271":"t","1272":"i","1273":"t","1274":"l","1275":"e","1276":">","1277":"S","1278":"I","1279":"G","1280":"N","1281":"U","1282":"P","1283":"<","1284":"/","1285":"t","1286":"e","1287":"m","1288":"p","1289":"l","1290":"a","1291":"t","1292":"e","1293":">","1294":"\\","1295":"n","1296":" ","1297":" ","1298":" ","1299":" ","1300":" ","1301":" ","1302":"<","1303":"v","1304":"-","1305":"f","1306":"o","1307":"r","1308":"m","1309":" ","1310":"f","1311":"a","1312":"s","1313":"t","1314":"-","1315":"f","1316":"a","1317":"i","1318":"l","1319":" ","1320":"@","1321":"s","1322":"u","1323":"b","1324":"m","1325":"i","1326":"t","1327":".","1328":"p","1329":"r","1330":"e","1331":"v","1332":"e","1333":"n","1334":"t","1335":"=","1336":"\\","1337":"\"","1338":"o","1339":"n","1340":"S","1341":"u","1342":"b","1343":"m","1344":"i","1345":"t","1346":"(","1347":")","1348":"\\","1349":"\"","1350":">","1351":"\\","1352":"n","1353":" ","1354":" ","1355":" ","1356":" ","1357":" ","1358":" ","1359":" ","1360":" ","1361":"<","1362":"v","1363":"-","1364":"s","1365":"h","1366":"e","1367":"e","1368":"t","1369":">","1370":"\\","1371":"n","1372":" ","1373":" ","1374":" ","1375":" ","1376":" ","1377":" ","1378":" ","1379":" ","1380":" ","1381":" ","1382":"<","1383":"v","1384":"-","1385":"t","1386":"e","1387":"x","1388":"t","1389":"-","1390":"f","1391":"i","1392":"e","1393":"l","1394":"d","1395":"\\","1396":"n","1397":" ","1398":" ","1399":" ","1400":" ","1401":" ","1402":" ","1403":" ","1404":" ","1405":" ","1406":" ","1407":" ","1408":" ","1409":"v","1410":"-","1411":"m","1412":"o","1413":"d","1414":"e","1415":"l","1416":"=","1417":"\\","1418":"\"","1419":"e","1420":"m","1421":"a","1422":"i","1423":"l","1424":"\\","1425":"\"","1426":"\\","1427":"n","1428":" ","1429":" ","1430":" ","1431":" ","1432":" ","1433":" ","1434":" ","1435":" ","1436":" ","1437":" ","1438":" ","1439":" ","1440":"l","1441":"a","1442":"b","1443":"e","1444":"l","1445":"=","1446":"\\","1447":"\"","1448":"e","1449":"m","1450":"a","1451":"i","1452":"l","1453":"\\","1454":"\"","1455":"\\","1456":"n","1457":" ","1458":" ","1459":" ","1460":" ","1461":" ","1462":" ","1463":" ","1464":" ","1465":" ","1466":" ","1467":" ","1468":" ","1469":":","1470":"e","1471":"r","1472":"r","1473":"o","1474":"r","1475":"-","1476":"m","1477":"e","1478":"s","1479":"s","1480":"a","1481":"g","1482":"e","1483":"s","1484":"=","1485":"\\","1486":"\"","1487":"e","1488":"m","1489":"a","1490":"i","1491":"l","1492":"V","1493":"a","1494":"l","1495":"i","1496":"d","1497":"a","1498":"t","1499":"e","1500":"E","1501":"r","1502":"r","1503":"o","1504":"r","1505":"\\","1506":"\"","1507":"\\","1508":"n","1509":" ","1510":" ","1511":" ","1512":" ","1513":" ","1514":" ","1515":" ","1516":" ","1517":" ","1518":" ","1519":"/","1520":">","1521":"\\","1522":"n","1523":" ","1524":" ","1525":" ","1526":" ","1527":" ","1528":" ","1529":" ","1530":" ","1531":" ","1532":" ","1533":"<","1534":"v","1535":"-","1536":"t","1537":"e","1538":"x","1539":"t","1540":"-","1541":"f","1542":"i","1543":"e","1544":"l","1545":"d","1546":"\\","1547":"n","1548":" ","1549":" ","1550":" ","1551":" ","1552":" ","1553":" ","1554":" ","1555":" ","1556":" ","1557":" ","1558":" ","1559":" ","1560":"v","1561":"-","1562":"m","1563":"o","1564":"d","1565":"e","1566":"l","1567":"=","1568":"\\","1569":"\"","1570":"p","1571":"a","1572":"s","1573":"s","1574":"w","1575":"o","1576":"r","1577":"d","1578":"\\","1579":"\"","1580":"\\","1581":"n","1582":" ","1583":" ","1584":" ","1585":" ","1586":" ","1587":" ","1588":" ","1589":" ","1590":" ","1591":" ","1592":" ","1593":" ","1594":":","1595":"e","1596":"r","1597":"r","1598":"o","1599":"r","1600":"-","1601":"m","1602":"e","1603":"s","1604":"s","1605":"a","1606":"g","1607":"e","1608":"s","1609":"=","1610":"\\","1611":"\"","1612":"p","1613":"a","1614":"s","1615":"s","1616":"w","1617":"o","1618":"r","1619":"d","1620":"V","1621":"a","1622":"l","1623":"i","1624":"d","1625":"a","1626":"t","1627":"i","1628":"o","1629":"n","1630":"E","1631":"r","1632":"r","1633":"o","1634":"r","1635":"\\","1636":"\"","1637":"\\","1638":"n","1639":" ","1640":" ","1641":" ","1642":" ","1643":" ","1644":" ","1645":" ","1646":" ","1647":" ","1648":" ","1649":" ","1650":" ","1651":":","1652":"a","1653":"p","1654":"p","1655":"e","1656":"n","1657":"d","1658":"-","1659":"i","1660":"n","1661":"n","1662":"e","1663":"r","1664":"-","1665":"i","1666":"c","1667":"o","1668":"n","1669":"=","1670":"\\","1671":"\"","1672":"s","1673":"h","1674":"o","1675":"w","1676":"P","1677":"a","1678":"s","1679":"s","1680":"w","1681":"o","1682":"r","1683":"d","1684":" ","1685":"?","1686":" ","1687":"'","1688":"m","1689":"d","1690":"i","1691":"-","1692":"e","1693":"y","1694":"e","1695":"'","1696":" ","1697":":","1698":" ","1699":"'","1700":"m","1701":"d","1702":"i","1703":"-","1704":"e","1705":"y","1706":"e","1707":"-","1708":"o","1709":"f","1710":"f","1711":"'","1712":"\\","1713":"\"","1714":"\\","1715":"n","1716":" ","1717":" ","1718":" ","1719":" ","1720":" ","1721":" ","1722":" ","1723":" ","1724":" ","1725":" ","1726":" ","1727":" ","1728":":","1729":"t","1730":"y","1731":"p","1732":"e","1733":"=","1734":"\\","1735":"\"","1736":"s","1737":"h","1738":"o","1739":"w","1740":"P","1741":"a","1742":"s","1743":"s","1744":"w","1745":"o","1746":"r","1747":"d","1748":" ","1749":"?","1750":" ","1751":"'","1752":"t","1753":"e","1754":"x","1755":"t","1756":"'","1757":" ","1758":":","1759":" ","1760":"'","1761":"p","1762":"a","1763":"s","1764":"s","1765":"w","1766":"o","1767":"r","1768":"d","1769":"'","1770":"\\","1771":"\"","1772":"\\","1773":"n","1774":" ","1775":" ","1776":" ","1777":" ","1778":" ","1779":" ","1780":" ","1781":" ","1782":" ","1783":" ","1784":" ","1785":" ","1786":"l","1787":"a","1788":"b","1789":"e","1790":"l","1791":"=","1792":"\\","1793":"\"","1794":"p","1795":"a","1796":"s","1797":"s","1798":"w","1799":"o","1800":"r","1801":"d","1802":"\\","1803":"\"","1804":"\\","1805":"n","1806":" ","1807":" ","1808":" ","1809":" ","1810":" ","1811":" ","1812":" ","1813":" ","1814":" ","1815":" ","1816":" ","1817":" ","1818":"@","1819":"c","1820":"l","1821":"i","1822":"c","1823":"k","1824":":","1825":"a","1826":"p","1827":"p","1828":"e","1829":"n","1830":"d","1831":"-","1832":"i","1833":"n","1834":"n","1835":"e","1836":"r","1837":"=","1838":"\\","1839":"\"","1840":"s","1841":"h","1842":"o","1843":"w","1844":"P","1845":"a","1846":"s","1847":"s","1848":"w","1849":"o","1850":"r","1851":"d","1852":" ","1853":"=","1854":" ","1855":"!","1856":"s","1857":"h","1858":"o","1859":"w","1860":"P","1861":"a","1862":"s","1863":"s","1864":"w","1865":"o","1866":"r","1867":"d","1868":"\\","1869":"\"","1870":"\\","1871":"n","1872":" ","1873":" ","1874":" ","1875":" ","1876":" ","1877":" ","1878":" ","1879":" ","1880":" ","1881":" ","1882":"/","1883":">","1884":"\\","1885":"n","1886":" ","1887":" ","1888":" ","1889":" ","1890":" ","1891":" ","1892":" ","1893":" ","1894":" ","1895":" ","1896":"<","1897":"v","1898":"-","1899":"b","1900":"t","1901":"n","1902":" ","1903":"c","1904":"l","1905":"a","1906":"s","1907":"s","1908":"=","1909":"\\","1910":"\"","1911":"w","1912":"-","1913":"1","1914":"0","1915":"0","1916":" ","1917":"m","1918":"y","1919":"-","1920":"3","1921":"\\","1922":"\"","1923":" ","1924":"@","1925":"c","1926":"l","1927":"i","1928":"c","1929":"k","1930":"=","1931":"\\","1932":"\"","1933":"s","1934":"i","1935":"g","1936":"n","1937":"u","1938":"p","1939":"W","1940":"i","1941":"t","1942":"h","1943":"G","1944":"o","1945":"o","1946":"g","1947":"l","1948":"e","1949":"\\","1950":"\"","1951":"\\","1952":"n","1953":" ","1954":" ","1955":" ","1956":" ","1957":" ","1958":" ","1959":" ","1960":" ","1961":" ","1962":" ","1963":" ","1964":" ","1965":">","1966":"C","1967":"o","1968":"n","1969":"t","1970":"i","1971":"n","1972":"u","1973":"e","1974":" ","1975":"w","1976":"i","1977":"t","1978":"h","1979":" ","1980":"g","1981":"o","1982":"o","1983":"g","1984":"l","1985":"e","1986":"<","1987":"/","1988":"v","1989":"-","1990":"b","1991":"t","1992":"n","1993":"\\","1994":"n","1995":" ","1996":" ","1997":" ","1998":" ","1999":" ","2000":" ","2001":" ","2002":" ","2003":" ","2004":" ","2005":">","2006":"\\","2007":"n","2008":" ","2009":" ","2010":" ","2011":" ","2012":" ","2013":" ","2014":" ","2015":" ","2016":" ","2017":" ","2018":"<","2019":"v","2020":"-","2021":"b","2022":"t","2023":"n","2024":"\\","2025":"n","2026":" ","2027":" ","2028":" ","2029":" ","2030":" ","2031":" ","2032":" ","2033":" ","2034":" ","2035":" ","2036":" ","2037":" ","2038":"t","2039":"y","2040":"p","2041":"e","2042":"=","2043":"\\","2044":"\"","2045":"s","2046":"u","2047":"b","2048":"m","2049":"i","2050":"t","2051":"\\","2052":"\"","2053":"\\","2054":"n","2055":" ","2056":" ","2057":" ","2058":" ","2059":" ","2060":" ","2061":" ","2062":" ","2063":" ","2064":" ","2065":" ","2066":" ","2067":"b","2068":"l","2069":"o","2070":"c","2071":"k","2072":"\\","2073":"n","2074":" ","2075":" ","2076":" ","2077":" ","2078":" ","2079":" ","2080":" ","2081":" ","2082":" ","2083":" ","2084":" ","2085":" ","2086":"c","2087":"l","2088":"a","2089":"s","2090":"s","2091":"=","2092":"\\","2093":"\"","2094":"m","2095":"t","2096":"-","2097":"2","2098":"\\","2099":"\"","2100":"\\","2101":"n","2102":" ","2103":" ","2104":" ","2105":" ","2106":" ","2107":" ","2108":" ","2109":" ","2110":" ","2111":" ","2112":" ","2113":" ","2114":"@","2115":"c","2116":"l","2117":"i","2118":"c","2119":"k","2120":"=","2121":"\\","2122":"\"","2123":"s","2124":"i","2125":"g","2126":"n","2127":"u","2128":"p","2129":"W","2130":"i","2131":"t","2132":"h","2133":"E","2134":"m","2135":"a","2136":"i","2137":"l","2138":"P","2139":"a","2140":"s","2141":"s","2142":"w","2143":"o","2144":"r","2145":"d","2146":"\\","2147":"\"","2148":"\\","2149":"n","2150":" ","2151":" ","2152":" ","2153":" ","2154":" ","2155":" ","2156":" ","2157":" ","2158":" ","2159":" ","2160":" ","2161":" ","2162":">","2163":"S","2164":"I","2165":"G","2166":"N","2167":"U","2168":"P","2169":"<","2170":"/","2171":"v","2172":"-","2173":"b","2174":"t","2175":"n","2176":"\\","2177":"n","2178":" ","2179":" ","2180":" ","2181":" ","2182":" ","2183":" ","2184":" ","2185":" ","2186":" ","2187":" ","2188":">","2189":"\\","2190":"n","2191":" ","2192":" ","2193":" ","2194":" ","2195":" ","2196":" ","2197":" ","2198":" ","2199":"<","2200":"/","2201":"v","2202":"-","2203":"s","2204":"h","2205":"e","2206":"e","2207":"t","2208":">","2209":"\\","2210":"n","2211":" ","2212":" ","2213":" ","2214":" ","2215":" ","2216":" ","2217":"<","2218":"/","2219":"v","2220":"-","2221":"f","2222":"o","2223":"r","2224":"m","2225":">","2226":"\\","2227":"n","2228":" ","2229":" ","2230":" ","2231":" ","2232":"<","2233":"/","2234":"v","2235":"-","2236":"c","2237":"a","2238":"r","2239":"d","2240":">","2241":"\\","2242":"n","2243":" ","2244":" ","2245":"<","2246":"/","2247":"d","2248":"i","2249":"v","2250":">","2251":"\\","2252":"n","2253":"<","2254":"/","2255":"t","2256":"e","2257":"m","2258":"p","2259":"l","2260":"a","2261":"t","2262":"e","2263":">","2264":"\\","2265":"n","2266":"\\","2267":"n","2268":"<","2269":"s","2270":"c","2271":"r","2272":"i","2273":"p","2274":"t","2275":" ","2276":"s","2277":"e","2278":"t","2279":"u","2280":"p","2281":" ","2282":"l","2283":"a","2284":"n","2285":"g","2286":"=","2287":"\\","2288":"\"","2289":"t","2290":"s","2291":"\\","2292":"\"","2293":">","2294":"\\","2295":"n","2296":"i","2297":"m","2298":"p","2299":"o","2300":"r","2301":"t","2302":" ","2303":"{","2304":" ","2305":"u","2306":"s","2307":"e","2308":"F","2309":"o","2310":"r","2311":"m","2312":",","2313":" ","2314":"u","2315":"s","2316":"e","2317":"F","2318":"i","2319":"e","2320":"l","2321":"d","2322":" ","2323":"}","2324":" ","2325":"f","2326":"r","2327":"o","2328":"m","2329":" ","2330":"\\","2331":"\"","2332":"v","2333":"e","2334":"e","2335":"-","2336":"v","2337":"a","2338":"l","2339":"i","2340":"d","2341":"a","2342":"t","2343":"e","2344":"\\","2345":"\"","2346":";","2347":"\\","2348":"n","2349":"i","2350":"m","2351":"p","2352":"o","2353":"r","2354":"t","2355":" ","2356":"{","2357":" ","2358":"d","2359":"e","2360":"f","2361":"i","2362":"n","2363":"e","2364":"E","2365":"m","2366":"i","2367":"t","2368":"s","2369":" ","2370":"}","2371":" ","2372":"f","2373":"r","2374":"o","2375":"m","2376":" ","2377":"\\","2378":"\"","2379":"v","2380":"u","2381":"e","2382":"\\","2383":"\"","2384":";","2385":"\\","2386":"n","2387":"i","2388":"m","2389":"p","2390":"o","2391":"r","2392":"t","2393":" ","2394":"{","2395":" ","2396":"r","2397":"e","2398":"f","2399":" ","2400":"}","2401":" ","2402":"f","2403":"r","2404":"o","2405":"m","2406":" ","2407":"\\","2408":"\"","2409":"v","2410":"u","2411":"e","2412":"\\","2413":"\"","2414":";","2415":"\\","2416":"n","2417":"i","2418":"m","2419":"p","2420":"o","2421":"r","2422":"t","2423":" ","2424":"*","2425":" ","2426":"a","2427":"s","2428":" ","2429":"y","2430":"u","2431":"p","2432":" ","2433":"f","2434":"r","2435":"o","2436":"m","2437":" ","2438":"\\","2439":"\"","2440":"y","2441":"u","2442":"p","2443":"\\","2444":"\"","2445":";","2446":"\\","2447":"n","2448":"\\","2449":"n","2450":"c","2451":"o","2452":"n","2453":"s","2454":"t","2455":" ","2456":"s","2457":"h","2458":"o","2459":"w","2460":"P","2461":"a","2462":"s","2463":"s","2464":"w","2465":"o","2466":"r","2467":"d","2468":" ","2469":"=","2470":" ","2471":"r","2472":"e","2473":"f","2474":"<","2475":"b","2476":"o","2477":"o","2478":"l","2479":"e","2480":"a","2481":"n","2482":">","2483":"(","2484":"f","2485":"a","2486":"l","2487":"s","2488":"e","2489":")","2490":";","2491":"\\","2492":"n","2493":"c","2494":"o","2495":"n","2496":"s","2497":"t","2498":" ","2499":"{","2500":" ","2501":"h","2502":"a","2503":"n","2504":"d","2505":"l","2506":"e","2507":"S","2508":"u","2509":"b","2510":"m","2511":"i","2512":"t","2513":" ","2514":"}","2515":" ","2516":"=","2517":" ","2518":"u","2519":"s","2520":"e","2521":"F","2522":"o","2523":"r","2524":"m","2525":"(","2526":")","2527":";","2528":"\\","2529":"n","2530":"c","2531":"o","2532":"n","2533":"s","2534":"t","2535":" ","2536":"{","2537":" ","2538":"v","2539":"a","2540":"l","2541":"u","2542":"e","2543":":","2544":" ","2545":"e","2546":"m","2547":"a","2548":"i","2549":"l","2550":",","2551":" ","2552":"e","2553":"r","2554":"r","2555":"o","2556":"r","2557":"M","2558":"e","2559":"s","2560":"s","2561":"a","2562":"g","2563":"e","2564":":","2565":" ","2566":"e","2567":"m","2568":"a","2569":"i","2570":"l","2571":"V","2572":"a","2573":"l","2574":"i","2575":"d","2576":"a","2577":"t","2578":"e","2579":"E","2580":"r","2581":"r","2582":"o","2583":"r","2584":" ","2585":"}","2586":" ","2587":"=","2588":" ","2589":"u","2590":"s","2591":"e","2592":"F","2593":"i","2594":"e","2595":"l","2596":"d","2597":"<","2598":"s","2599":"t","2600":"r","2601":"i","2602":"n","2603":"g","2604":">","2605":"(","2606":"\\","2607":"n","2608":" ","2609":" ","2610":"\\","2611":"\"","2612":"e","2613":"m","2614":"a","2615":"i","2616":"l","2617":"\\","2618":"\"","2619":",","2620":"\\","2621":"n","2622":" ","2623":" ","2624":"y","2625":"u","2626":"p","2627":".","2628":"s","2629":"t","2630":"r","2631":"i","2632":"n","2633":"g","2634":"(","2635":")","2636":".","2637":"e","2638":"m","2639":"a","2640":"i","2641":"l","2642":"(","2643":")","2644":".","2645":"r","2646":"e","2647":"q","2648":"u","2649":"i","2650":"r","2651":"e","2652":"d","2653":"(","2654":")","2655":"\\","2656":"n","2657":")","2658":";","2659":"\\","2660":"n","2661":"c","2662":"o","2663":"n","2664":"s","2665":"t","2666":" ","2667":"{","2668":" ","2669":"v","2670":"a","2671":"l","2672":"u","2673":"e","2674":":","2675":" ","2676":"p","2677":"a","2678":"s","2679":"s","2680":"w","2681":"o","2682":"r","2683":"d","2684":",","2685":" ","2686":"e","2687":"r","2688":"r","2689":"o","2690":"r","2691":"M","2692":"e","2693":"s","2694":"s","2695":"a","2696":"g","2697":"e","2698":":","2699":" ","2700":"p","2701":"a","2702":"s","2703":"s","2704":"w","2705":"o","2706":"r","2707":"d","2708":"V","2709":"a","2710":"l","2711":"i","2712":"d","2713":"a","2714":"t","2715":"i","2716":"o","2717":"n","2718":"E","2719":"r","2720":"r","2721":"o","2722":"r","2723":" ","2724":"}","2725":" ","2726":"=","2727":"\\","2728":"n","2729":" ","2730":" ","2731":"u","2732":"s","2733":"e","2734":"F","2735":"i","2736":"e","2737":"l","2738":"d","2739":"<","2740":"s","2741":"t","2742":"r","2743":"i","2744":"n","2745":"g","2746":">","2747":"(","2748":"\\","2749":"\"","2750":"p","2751":"a","2752":"s","2753":"s","2754":"w","2755":"o","2756":"r","2757":"d","2758":"\\","2759":"\"","2760":",","2761":" ","2762":"y","2763":"u","2764":"p","2765":".","2766":"s","2767":"t","2768":"r","2769":"i","2770":"n","2771":"g","2772":"(","2773":")","2774":".","2775":"r","2776":"e","2777":"q","2778":"u","2779":"i","2780":"r","2781":"e","2782":"d","2783":"(","2784":")","2785":")","2786":";","2787":"\\","2788":"n","2789":"\\","2790":"n","2791":"a","2792":"s","2793":"y","2794":"n","2795":"c","2796":" ","2797":"f","2798":"u","2799":"n","2800":"c","2801":"t","2802":"i","2803":"o","2804":"n","2805":" ","2806":"s","2807":"i","2808":"g","2809":"n","2810":"u","2811":"p","2812":"W","2813":"i","2814":"t","2815":"h","2816":"E","2817":"m","2818":"a","2819":"i","2820":"l","2821":"P","2822":"a","2823":"s","2824":"s","2825":"w","2826":"o","2827":"r","2828":"d","2829":"(","2830":"e","2831":"m","2832":"a","2833":"i","2834":"l","2835":":","2836":" ","2837":"s","2838":"t","2839":"r","2840":"i","2841":"n","2842":"g","2843":",","2844":" ","2845":"p","2846":"a","2847":"s","2848":"s","2849":"w","2850":"o","2851":"r","2852":"d","2853":":","2854":" ","2855":"s","2856":"t","2857":"r","2858":"i","2859":"n","2860":"g","2861":")","2862":" ","2863":"{","2864":"\\","2865":"n","2866":" ","2867":" ","2868":"c","2869":"o","2870":"n","2871":"s","2872":"o","2873":"l","2874":"e","2875":".","2876":"l","2877":"o","2878":"g","2879":"(","2880":"\\","2881":"\"","2882":"s","2883":"i","2884":"g","2885":"n","2886":" ","2887":"u","2888":"p","2889":" ","2890":"w","2891":"i","2892":"t","2893":"h","2894":" ","2895":"e","2896":"m","2897":"a","2898":"i","2899":"l","2900":",","2901":" ","2902":"p","2903":"a","2904":"s","2905":"s","2906":"w","2907":"o","2908":"r","2909":"d","2910":"\\","2911":"\"","2912":")","2913":";","2914":"\\","2915":"n","2916":"}","2917":"\\","2918":"n","2919":"\\","2920":"n","2921":"a","2922":"s","2923":"y","2924":"n","2925":"c","2926":" ","2927":"f","2928":"u","2929":"n","2930":"c","2931":"t","2932":"i","2933":"o","2934":"n","2935":" ","2936":"s","2937":"i","2938":"g","2939":"n","2940":"u","2941":"p","2942":"W","2943":"i","2944":"t","2945":"h","2946":"G","2947":"o","2948":"o","2949":"g","2950":"l","2951":"e","2952":"(","2953":")","2954":" ","2955":"{","2956":"\\","2957":"n","2958":" ","2959":" ","2960":"c","2961":"o","2962":"n","2963":"s","2964":"o","2965":"l","2966":"e","2967":".","2968":"l","2969":"o","2970":"g","2971":"(","2972":"\\","2973":"\"","2974":"s","2975":"i","2976":"g","2977":"n","2978":" ","2979":"u","2980":"p","2981":" ","2982":"w","2983":"i","2984":"t","2985":"h","2986":" ","2987":"g","2988":"o","2989":"o","2990":"g","2991":"l","2992":"e","2993":"\\","2994":"\"","2995":")","2996":";","2997":"\\","2998":"n","2999":"}","3000":"\\","3001":"n","3002":"\\","3003":"n","3004":"c","3005":"o","3006":"n","3007":"s","3008":"t","3009":" ","3010":"o","3011":"n","3012":"S","3013":"u","3014":"b","3015":"m","3016":"i","3017":"t","3018":" ","3019":"=","3020":" ","3021":"h","3022":"a","3023":"n","3024":"d","3025":"l","3026":"e","3027":"S","3028":"u","3029":"b","3030":"m","3031":"i","3032":"t","3033":"(","3034":"\\","3035":"n","3036":" ","3037":" ","3038":"(","3039":"r","3040":"e","3041":"s","3042":"u","3043":"l","3044":"t","3045":":","3046":" ","3047":"a","3048":"n","3049":"y","3050":")","3051":" ","3052":"=","3053":">","3054":" ","3055":"{","3056":"\\","3057":"n","3058":" ","3059":" ","3060":" ","3061":" ","3062":"c","3063":"o","3064":"n","3065":"s","3066":"o","3067":"l","3068":"e","3069":".","3070":"l","3071":"o","3072":"g","3073":"(","3074":"r","3075":"e","3076":"s","3077":"u","3078":"l","3079":"t","3080":")","3081":";","3082":"\\","3083":"n","3084":" ","3085":" ","3086":" ","3087":" ","3088":"e","3089":"m","3090":"i","3091":"t","3092":"(","3093":"\\","3094":"\"","3095":"l","3096":"o","3097":"g","3098":"i","3099":"n","3100":"W","3101":"i","3102":"t","3103":"h","3104":"E","3105":"m","3106":"a","3107":"i","3108":"l","3109":"P","3110":"a","3111":"s","3112":"s","3113":"w","3114":"o","3115":"r","3116":"d","3117":"\\","3118":"\"","3119":",","3120":" ","3121":"{","3122":"\\","3123":"n","3124":" ","3125":" ","3126":" ","3127":" ","3128":" ","3129":" ","3130":"e","3131":"m","3132":"a","3133":"i","3134":"l","3135":":","3136":" ","3137":"e","3138":"m","3139":"a","3140":"i","3141":"l","3142":".","3143":"v","3144":"a","3145":"l","3146":"u","3147":"e","3148":",","3149":"\\","3150":"n","3151":" ","3152":" ","3153":" ","3154":" ","3155":" ","3156":" ","3157":"p","3158":"a","3159":"s","3160":"s","3161":"w","3162":"o","3163":"r","3164":"d","3165":":","3166":" ","3167":"p","3168":"a","3169":"s","3170":"s","3171":"w","3172":"o","3173":"r","3174":"d","3175":".","3176":"v","3177":"a","3178":"l","3179":"u","3180":"e","3181":",","3182":"\\","3183":"n","3184":" ","3185":" ","3186":" ","3187":" ","3188":"}","3189":")","3190":";","3191":"\\","3192":"n","3193":" ","3194":" ","3195":"}","3196":",","3197":"\\","3198":"n","3199":" ","3200":" ","3201":"(","3202":"r","3203":"e","3204":"s","3205":"u","3206":"l","3207":"t","3208":")","3209":" ","3210":"=","3211":">","3212":" ","3213":"c","3214":"o","3215":"n","3216":"s","3217":"o","3218":"l","3219":"e","3220":".","3221":"l","3222":"o","3223":"g","3224":"(","3225":"r","3226":"e","3227":"s","3228":"u","3229":"l","3230":"t","3231":")","3232":"\\","3233":"n","3234":")","3235":";","3236":"\\","3237":"n","3238":"c","3239":"o","3240":"n","3241":"s","3242":"t","3243":" ","3244":"e","3245":"m","3246":"i","3247":"t","3248":" ","3249":"=","3250":" ","3251":"d","3252":"e","3253":"f","3254":"i","3255":"n","3256":"e","3257":"E","3258":"m","3259":"i","3260":"t","3261":"s","3262":"<","3263":"{","3264":"\\","3265":"n","3266":" ","3267":" ","3268":"(","3269":"e","3270":":","3271":" ","3272":"\\","3273":"\"","3274":"l","3275":"o","3276":"g","3277":"i","3278":"n","3279":"W","3280":"i","3281":"t","3282":"h","3283":"G","3284":"o","3285":"o","3286":"g","3287":"l","3288":"e","3289":"\\","3290":"\"","3291":")","3292":":","3293":" ","3294":"v","3295":"o","3296":"i","3297":"d","3298":";","3299":"\\","3300":"n","3301":" ","3302":" ","3303":"(","3304":"\\","3305":"n","3306":" ","3307":" ","3308":" ","3309":" ","3310":"e","3311":":","3312":" ","3313":"\\","3314":"\"","3315":"l","3316":"o","3317":"g","3318":"i","3319":"n","3320":"W","3321":"i","3322":"t","3323":"h","3324":"E","3325":"m","3326":"a","3327":"i","3328":"l","3329":"P","3330":"a","3331":"s","3332":"s","3333":"w","3334":"o","3335":"r","3336":"d","3337":"\\","3338":"\"","3339":",","3340":"\\","3341":"n","3342":" ","3343":" ","3344":" ","3345":" ","3346":"{","3347":" ","3348":"e","3349":"m","3350":"a","3351":"i","3352":"l","3353":",","3354":" ","3355":"p","3356":"a","3357":"s","3358":"s","3359":"w","3360":"o","3361":"r","3362":"d","3363":" ","3364":"}","3365":":","3366":" ","3367":"{","3368":" ","3369":"e","3370":"m","3371":"a","3372":"i","3373":"l","3374":":","3375":" ","3376":"s","3377":"t","3378":"r","3379":"i","3380":"n","3381":"g","3382":";","3383":" ","3384":"p","3385":"a","3386":"s","3387":"s","3388":"w","3389":"o","3390":"r","3391":"d","3392":":","3393":" ","3394":"s","3395":"t","3396":"r","3397":"i","3398":"n","3399":"g","3400":" ","3401":"}","3402":"\\","3403":"n","3404":" ","3405":" ","3406":")","3407":":","3408":" ","3409":"v","3410":"o","3411":"i","3412":"d","3413":";","3414":"\\","3415":"n","3416":"}","3417":">","3418":"(","3419":")","3420":";","3421":"\\","3422":"n","3423":"<","3424":"/","3425":"s","3426":"c","3427":"r","3428":"i","3429":"p","3430":"t","3431":">","3432":"\\","3433":"n","3434":"\\","3435":"n","3436":"<","3437":"s","3438":"t","3439":"y","3440":"l","3441":"e","3442":" ","3443":"s","3444":"c","3445":"o","3446":"p","3447":"e","3448":"d","3449":">","3450":"<","3451":"/","3452":"s","3453":"t","3454":"y","3455":"l","3456":"e","3457":">","3458":"\\","3459":"n","3460":"\"","3461":"]","3462":"}"},"_coverageSchema":"1a1c01bbd47fc00a2c39e90264f33305004495a9","hash":"4e3000ee7f77173611c4a2ffb9b69fc51fd69477"}
,"C:\\Users\\84369\\VN_PARKING\\vn-parking-web\\src\\views\\parking-stations\\ParkingStationsView.vue": {"path":"C:\\Users\\84369\\VN_PARKING\\vn-parking-web\\src\\views\\parking-stations\\ParkingStationsView.vue","statementMap":{"0":{"start":{"line":2,"column":0},"end":{"line":2,"column":62}},"1":{"start":{"line":3,"column":0},"end":{"line":3,"column":24}},"2":{"start":{"line":4,"column":12},"end":{"line":4,"column":26}},"3":{"start":{"line":6,"column":4},"end":{"line":6,"column":108}},"4":{"start":{"line":8,"column":0},"end":{"line":8,"column":24}},"5":{"start":{"line":9,"column":1},"end":{"line":9,"column":48}}},"fnMap":{"0":{"name":"render","decl":{"start":{"line":5,"column":9},"end":{"line":5,"column":15}},"loc":{"start":{"line":5,"column":30},"end":{"line":7,"column":1}},"line":5}},"branchMap":{},"s":{"0":1,"1":1,"2":1,"3":0,"4":1,"5":1},"f":{"0":0},"b":{},"inputSourceMap":{"0":"{","1":"\"","2":"v","3":"e","4":"r","5":"s","6":"i","7":"o","8":"n","9":"\"","10":":","11":"3","12":",","13":"\"","14":"s","15":"o","16":"u","17":"r","18":"c","19":"e","20":"s","21":"\"","22":":","23":"[","24":"]","25":",","26":"\"","27":"n","28":"a","29":"m","30":"e","31":"s","32":"\"","33":":","34":"[","35":"]","36":",","37":"\"","38":"m","39":"a","40":"p","41":"p","42":"i","43":"n","44":"g","45":"s","46":"\"","47":":","48":"\"","49":"\"","50":",","51":"\"","52":"f","53":"i","54":"l","55":"e","56":"\"","57":":","58":"\"","59":"C","60":":","61":"\\","62":"\\","63":"U","64":"s","65":"e","66":"r","67":"s","68":"\\","69":"\\","70":"8","71":"4","72":"3","73":"6","74":"9","75":"\\","76":"\\","77":"V","78":"N","79":"_","80":"P","81":"A","82":"R","83":"K","84":"I","85":"N","86":"G","87":"\\","88":"\\","89":"v","90":"n","91":"-","92":"p","93":"a","94":"r","95":"k","96":"i","97":"n","98":"g","99":"-","100":"w","101":"e","102":"b","103":"\\","104":"\\","105":"s","106":"r","107":"c","108":"\\","109":"\\","110":"v","111":"i","112":"e","113":"w","114":"s","115":"\\","116":"\\","117":"p","118":"a","119":"r","120":"k","121":"i","122":"n","123":"g","124":"-","125":"s","126":"t","127":"a","128":"t","129":"i","130":"o","131":"n","132":"s","133":"\\","134":"\\","135":"P","136":"a","137":"r","138":"k","139":"i","140":"n","141":"g","142":"S","143":"t","144":"a","145":"t","146":"i","147":"o","148":"n","149":"s","150":"V","151":"i","152":"e","153":"w","154":".","155":"v","156":"u","157":"e","158":"\"","159":"}"},"_coverageSchema":"1a1c01bbd47fc00a2c39e90264f33305004495a9","hash":"98fad4929fdcd4fff70f9322a7e33fccfcafe266"}
}
