TN:
SF:src\App.vue
FN:5,render
FNF:1
FNH:1
FNDA:2,render
DA:2,1
DA:3,1
DA:4,1
DA:6,2
DA:7,2
DA:9,1
DA:10,1
LF:7
LH:7
BRF:0
BRH:0
end_of_record
TN:
SF:src\router\index.ts
FN:63,initRouter
FN:69,(anonymous_2)
FNF:2
FNH:2
FNDA:9,initRouter
FNDA:8,(anonymous_2)
DA:1,2
DA:2,2
DA:3,2
DA:4,2
DA:5,2
DA:6,2
DA:7,2
DA:9,2
DA:63,2
DA:64,9
DA:69,9
DA:70,8
DA:72,5
DA:75,9
DA:78,2
LF:15
LH:15
BRDA:72,0,0,1
BRF:1
BRH:1
end_of_record
TN:
SF:src\views\ProfileView.vue
FN:11,(anonymous_0)
FN:38,render
FNF:2
FNH:2
FNDA:1,(anonymous_0)
FNDA:2,render
DA:3,2
DA:6,2
DA:7,2
DA:9,2
DA:12,1
DA:13,1
DA:15,1
DA:19,1
DA:24,1
DA:27,1
DA:31,1
DA:35,2
DA:36,2
DA:37,2
DA:40,2
DA:45,2
DA:46,2
LF:17
LH:17
BRDA:41,0,0,0
BRDA:41,0,1,2
BRDA:41,1,0,2
BRDA:41,1,1,2
BRDA:42,2,0,0
BRDA:42,2,1,2
BRDA:42,3,0,2
BRDA:42,3,1,2
BRF:8
BRH:6
end_of_record
TN:
SF:src\views\SignupView.vue
FN:5,(anonymous_0)
FN:9,(anonymous_1)
FN:13,(anonymous_2)
FN:17,(anonymous_3)
FN:22,(anonymous_4)
FN:25,(anonymous_5)
FN:32,(anonymous_6)
FN:33,adopt
FN:34,(anonymous_8)
FN:38,(anonymous_9)
FN:39,fulfilled
FN:46,rejected
FN:53,step
FN:59,(anonymous_13)
FN:62,(anonymous_14)
FN:77,(anonymous_15)
FN:80,verb
FN:81,(anonymous_17)
FN:85,step
FN:157,(anonymous_19)
FN:169,signupWithEmailPassword
FN:170,(anonymous_21)
FN:171,(anonymous_22)
FN:178,signupWithGoogle
FN:179,(anonymous_24)
FN:180,(anonymous_25)
FN:187,(anonymous_26)
FN:193,(anonymous_27)
FN:220,render
FN:231,(anonymous_29)
FN:234,(anonymous_30)
FN:237,(anonymous_31)
FN:239,(anonymous_32)
FN:241,(anonymous_33)
FN:244,(anonymous_34)
FN:250,(anonymous_35)
FN:255,(anonymous_36)
FN:261,(anonymous_37)
FN:272,(anonymous_38)
FNF:39
FNH:1
FNDA:0,(anonymous_0)
FNDA:0,(anonymous_1)
FNDA:0,(anonymous_2)
FNDA:0,(anonymous_3)
FNDA:0,(anonymous_4)
FNDA:1,(anonymous_5)
FNDA:0,(anonymous_6)
FNDA:0,adopt
FNDA:0,(anonymous_8)
FNDA:0,(anonymous_9)
FNDA:0,fulfilled
FNDA:0,rejected
FNDA:0,step
FNDA:0,(anonymous_13)
FNDA:0,(anonymous_14)
FNDA:0,(anonymous_15)
FNDA:0,verb
FNDA:0,(anonymous_17)
FNDA:0,step
FNDA:0,(anonymous_19)
FNDA:0,signupWithEmailPassword
FNDA:0,(anonymous_21)
FNDA:0,(anonymous_22)
FNDA:0,signupWithGoogle
FNDA:0,(anonymous_24)
FNDA:0,(anonymous_25)
FNDA:0,(anonymous_26)
FNDA:0,(anonymous_27)
FNDA:0,render
FNDA:0,(anonymous_29)
FNDA:0,(anonymous_30)
FNDA:0,(anonymous_31)
FNDA:0,(anonymous_32)
FNDA:0,(anonymous_33)
FNDA:0,(anonymous_34)
FNDA:0,(anonymous_35)
FNDA:0,(anonymous_36)
FNDA:0,(anonymous_37)
FNDA:0,(anonymous_38)
DA:5,1
DA:6,0
DA:7,0
DA:10,0
DA:14,0
DA:15,0
DA:17,1
DA:18,0
DA:23,0
DA:25,1
DA:26,1
DA:27,0
DA:28,0
DA:29,0
DA:30,0
DA:32,1
DA:34,0
DA:35,0
DA:38,0
DA:40,0
DA:41,0
DA:43,0
DA:47,0
DA:48,0
DA:50,0
DA:54,0
DA:56,0
DA:59,1
DA:60,0
DA:63,0
DA:64,0
DA:73,0
DA:78,0
DA:81,0
DA:82,0
DA:86,0
DA:87,0
DA:88,0
DA:89,0
DA:90,0
DA:93,0
DA:94,0
DA:96,0
DA:97,0
DA:102,0
DA:103,0
DA:104,0
DA:105,0
DA:107,0
DA:108,0
DA:109,0
DA:111,0
DA:112,0
DA:113,0
DA:115,0
DA:116,0
DA:117,0
DA:119,0
DA:120,0
DA:121,0
DA:122,0
DA:124,0
DA:125,0
DA:126,0
DA:127,0
DA:129,0
DA:130,0
DA:131,0
DA:133,0
DA:135,0
DA:136,0
DA:138,0
DA:140,0
DA:141,0
DA:147,1
DA:150,1
DA:151,1
DA:152,1
DA:153,1
DA:154,1
DA:158,0
DA:159,0
DA:160,0
DA:161,0
DA:162,0
DA:163,0
DA:164,0
DA:165,0
DA:166,0
DA:167,0
DA:168,0
DA:170,0
DA:171,0
DA:172,0
DA:173,0
DA:179,0
DA:180,0
DA:181,0
DA:182,0
DA:187,0
DA:188,0
DA:189,0
DA:194,0
DA:196,0
DA:208,0
DA:212,0
DA:216,1
DA:217,1
DA:218,1
DA:219,1
DA:221,0
DA:222,0
DA:223,0
DA:224,0
DA:225,0
DA:226,0
DA:231,0
DA:234,0
DA:237,0
DA:239,0
DA:241,0
DA:244,0
DA:250,0
DA:255,0
DA:261,0
DA:272,0
DA:288,1
DA:289,1
LF:128
LH:18
BRDA:5,0,0,1
BRDA:5,0,1,1
BRDA:5,0,2,1
BRDA:5,1,0,1
BRDA:5,1,1,0
BRDA:6,2,0,0
BRDA:6,2,1,0
BRDA:14,3,0,0
BRDA:14,3,1,0
BRDA:17,4,0,1
BRDA:17,4,1,1
BRDA:17,4,2,1
BRDA:17,5,0,1
BRDA:17,5,1,0
BRDA:25,6,0,1
BRDA:25,6,1,1
BRDA:25,6,2,1
BRDA:26,7,0,1
BRDA:26,7,1,0
BRDA:26,8,0,1
BRDA:26,8,1,1
BRDA:28,9,0,0
BRDA:28,9,1,0
BRDA:28,10,0,0
BRDA:28,10,1,0
BRDA:28,11,0,0
BRDA:28,11,1,0
BRDA:32,12,0,1
BRDA:32,12,1,1
BRDA:32,12,2,1
BRDA:34,13,0,0
BRDA:34,13,1,0
BRDA:38,14,0,0
BRDA:38,14,1,0
BRDA:54,15,0,0
BRDA:54,15,1,0
BRDA:56,16,0,0
BRDA:56,16,1,0
BRDA:59,17,0,1
BRDA:59,17,1,1
BRDA:59,17,2,1
BRDA:63,18,0,0
BRDA:63,18,1,0
BRDA:77,19,0,0
BRDA:77,19,1,0
BRDA:86,20,0,0
BRDA:86,20,1,0
BRDA:88,21,0,0
BRDA:88,21,1,0
BRDA:88,22,0,0
BRDA:88,22,1,0
BRDA:88,22,2,0
BRDA:88,23,0,0
BRDA:88,23,1,0
BRDA:88,24,0,0
BRDA:88,24,1,0
BRDA:88,25,0,0
BRDA:88,25,1,0
BRDA:88,26,0,0
BRDA:88,26,1,0
BRDA:89,27,0,0
BRDA:89,27,1,0
BRDA:90,28,0,0
BRDA:90,28,1,0
BRDA:90,28,2,0
BRDA:90,28,3,0
BRDA:90,28,4,0
BRDA:90,28,5,0
BRDA:111,29,0,0
BRDA:111,29,1,0
BRDA:111,30,0,0
BRDA:111,30,1,0
BRDA:111,30,2,0
BRDA:111,31,0,0
BRDA:111,31,1,0
BRDA:115,32,0,0
BRDA:115,32,1,0
BRDA:115,33,0,0
BRDA:115,33,1,0
BRDA:115,33,2,0
BRDA:115,33,3,0
BRDA:119,34,0,0
BRDA:119,34,1,0
BRDA:119,35,0,0
BRDA:119,35,1,0
BRDA:124,36,0,0
BRDA:124,36,1,0
BRDA:124,37,0,0
BRDA:124,37,1,0
BRDA:129,38,0,0
BRDA:129,38,1,0
BRDA:140,39,0,0
BRDA:140,39,1,0
BRDA:142,40,0,0
BRDA:142,40,1,0
BRDA:237,41,0,0
BRDA:237,41,1,0
BRDA:244,42,0,0
BRDA:244,42,1,0
BRDA:250,43,0,0
BRDA:250,43,1,0
BRDA:252,44,0,0
BRDA:252,44,1,0
BRDA:253,45,0,0
BRDA:253,45,1,0
BRDA:255,46,0,0
BRDA:255,46,1,0
BRF:107
BRH:20
end_of_record
TN:
SF:src\views\parking-stations\ParkingStationsView.vue
FN:5,render
FNF:1
FNH:0
FNDA:0,render
DA:2,1
DA:3,1
DA:4,1
DA:6,0
DA:8,1
DA:9,1
LF:6
LH:5
BRF:0
BRH:0
end_of_record
